#
# There is insufficient memory for the Java Runtime Environment to continue.
# Native memory allocation (malloc) failed to allocate 2097152 bytes. Error detail: AllocateHeap
# Possible reasons:
#   The system is out of physical RAM or swap space
#   This process is running with CompressedOops enabled, and the Java Heap may be blocking the growth of the native heap
# Possible solutions:
#   Reduce memory load on the system
#   Increase physical memory or swap space
#   Check if swap backing store is full
#   Decrease Java heap size (-Xmx/-Xms)
#   Decrease number of Java threads
#   Decrease Java thread stack sizes (-Xss)
#   Set larger code cache with -XX:ReservedCodeCacheSize=
#   JVM is running with Unscaled Compressed Oops mode in which the Java heap is
#     placed in the first 4GB address space. The Java Heap base address is the
#     maximum limit for the native heap growth. Please use -XX:HeapBaseMinAddress
#     to set the Java Heap base and to place the Java Heap above 4GB virtual address.
# This output file may be truncated or incomplete.
#
#  Out of Memory Error (allocation.cpp:42), pid=9832, tid=9420
#
# JRE version: Java(TM) SE Runtime Environment (25.0.2+10) (build 25.0.2+10-LTS-69)
# Java VM: Java HotSpot(TM) 64-Bit Server VM (25.0.2+10-LTS-69, mixed mode, emulated-client, sharing, tiered, compressed oops, compressed class ptrs, g1 gc, windows-amd64)
# No core dump will be written. Minidumps are not enabled by default on client versions of Windows
#

---------------  S U M M A R Y ------------

Command Line: -XX:TieredStopAtLevel=1 -Xmx512m com.lms.lms.LmsApplication

Host: AMD Ryzen 5 4500U with Radeon Graphics         , 6 cores, 7G,  Windows 11 , 64 bit Build 26100 (10.0.26100.7920)
Time: Tue Apr 14 22:21:35 2026 Sri Lanka Standard Time elapsed time: 329.730161 seconds (0d 0h 5m 29s)

---------------  T H R E A D  ---------------

Current thread (0x00000212438b9d00):  VMThread "VM Thread"          [id=9420, stack(0x0000005139f00000,0x000000513a000000) (1024K)]

Stack: [0x0000005139f00000,0x000000513a000000]
Native frames: (J=compiled Java code, j=interpreted, Vv=VM code, C=native code)
V  [jvm.dll+0x7a70f9]  (no source info available)
V  [jvm.dll+0x772d6d]  (no source info available)
V  [jvm.dll+0x965d53]  (no source info available)
V  [jvm.dll+0x968351]  (no source info available)
V  [jvm.dll+0x968a63]  (no source info available)
V  [jvm.dll+0x2fc846]  (no source info available)
V  [jvm.dll+0xf7487]  (no source info available)
V  [jvm.dll+0x3de802]  (no source info available)
V  [jvm.dll+0x3d95a9]  (no source info available)
V  [jvm.dll+0x3bfbc5]  (no source info available)
V  [jvm.dll+0x40b38f]  (no source info available)
V  [jvm.dll+0x96ecc1]  (no source info available)
V  [jvm.dll+0x96ffdd]  (no source info available)
V  [jvm.dll+0x970559]  (no source info available)
V  [jvm.dll+0x970803]  (no source info available)
V  [jvm.dll+0x906fcd]  (no source info available)
V  [jvm.dll+0x7a56d5]  (no source info available)
C  [ucrtbase.dll+0x37b0]  (no source info available)
C  [KERNEL32.DLL+0x2e8d7]  (no source info available)
C  [ntdll.dll+0x8c48c]  (no source info available)

VM_Operation (0x00000051395ff160): G1CollectFull, mode: safepoint, requested by thread 0x000002124f9f24c0


---------------  P R O C E S S  ---------------

Threads class SMR info:
_java_thread_list=0x0000021248a200f0, length=13, elements={
0x00000212438cf320, 0x00000212438cfd80, 0x00000212438d0b70, 0x00000212438d2890,
0x00000212438d3180, 0x00000212438dba80, 0x0000021234fb6f30, 0x00000212438ad230,
0x0000021243964f40, 0x000002124f1ce620, 0x000002124f9f24c0, 0x0000021248fdfbc0,
0x0000021248fe3430
}

Java Threads: ( => current thread )
  0x00000212438cf320 JavaThread "Reference Handler"          daemon [_thread_blocked, id=10232, stack(0x000000513a000000,0x000000513a100000) (1024K)]
  0x00000212438cfd80 JavaThread "Finalizer"                  daemon [_thread_blocked, id=2964, stack(0x000000513a100000,0x000000513a200000) (1024K)]
  0x00000212438d0b70 JavaThread "Signal Dispatcher"          daemon [_thread_blocked, id=2708, stack(0x000000513a200000,0x000000513a300000) (1024K)]
  0x00000212438d2890 JavaThread "Attach Listener"            daemon [_thread_blocked, id=10188, stack(0x000000513a300000,0x000000513a400000) (1024K)]
  0x00000212438d3180 JavaThread "Service Thread"             daemon [_thread_blocked, id=7944, stack(0x000000513a400000,0x000000513a500000) (1024K)]
  0x00000212438dba80 JavaThread "Monitor Deflation Thread"   daemon [_thread_blocked, id=7568, stack(0x000000513a500000,0x000000513a600000) (1024K)]
  0x0000021234fb6f30 JavaThread "C1 CompilerThread0"         daemon [_thread_blocked, id=13480, stack(0x000000513a600000,0x000000513a700000) (1024K)]
  0x00000212438ad230 JavaThread "Notification Thread"        daemon [_thread_blocked, id=12000, stack(0x000000513a700000,0x000000513a800000) (1024K)]
  0x0000021243964f40 JavaThread "Common-Cleaner"             daemon [_thread_blocked, id=12656, stack(0x000000513a800000,0x000000513a900000) (1024K)]
  0x000002124f1ce620 JavaThread "DestroyJavaVM"                     [_thread_blocked, id=6872, stack(0x0000005139800000,0x0000005139900000) (1024K)]
  0x000002124f9f24c0 JavaThread "Thread-6"                          [_thread_blocked, id=2780, stack(0x0000005139500000,0x0000005139600000) (1024K)]
  0x0000021248fdfbc0 JavaThread "C1 CompilerThread1"         daemon [_thread_blocked, id=14016, stack(0x000000513aa00000,0x000000513ab00000) (1024K)]
  0x0000021248fe3430 JavaThread "C1 CompilerThread2"         daemon [_thread_blocked, id=10912, stack(0x000000513ab00000,0x000000513ac00000) (1024K)]
Total: 13

Other Threads:
=>0x00000212438b9d00 VMThread "VM Thread"                           [id=9420, stack(0x0000005139f00000,0x000000513a000000) (1024K)]
  0x0000021235049210 WatcherThread "VM Periodic Task Thread"        [id=8016, stack(0x0000005139e00000,0x0000005139f00000) (1024K)]
  0x0000021234fd5270 WorkerThread "GC Thread#0"                     [id=11444, stack(0x0000005139900000,0x0000005139a00000) (1024K)]
  0x0000021248a898e0 WorkerThread "GC Thread#1"                     [id=12872, stack(0x000000513ad00000,0x000000513ae00000) (1024K)]
  0x0000021248a89d10 WorkerThread "GC Thread#2"                     [id=12888, stack(0x000000513ae00000,0x000000513af00000) (1024K)]
  0x0000021248a8a140 WorkerThread "GC Thread#3"                     [id=11328, stack(0x000000513af00000,0x000000513b000000) (1024K)]
  0x0000021248a8a570 WorkerThread "GC Thread#4"                     [id=4716, stack(0x000000513b000000,0x000000513b100000) (1024K)]
  0x0000021248aa6840 WorkerThread "GC Thread#5"                     [id=10748, stack(0x000000513b100000,0x000000513b200000) (1024K)]
  0x0000021234fda480 ConcurrentGCThread "G1 Main Marker"            [id=11336, stack(0x0000005139a00000,0x0000005139b00000) (1024K)]
  0x0000021234fdbd10 WorkerThread "G1 Conc#0"                       [id=11996, stack(0x0000005139b00000,0x0000005139c00000) (1024K)]
  0x00000212488948e0 WorkerThread "G1 Conc#1"                       [id=8900, stack(0x000000513b200000,0x000000513b300000) (1024K)]
  0x0000021235023050 ConcurrentGCThread "G1 Refine#0"               [id=10900, stack(0x0000005139c00000,0x0000005139d00000) (1024K)]
  0x0000021235023860 ConcurrentGCThread "G1 Service"                [id=13044, stack(0x0000005139d00000,0x0000005139e00000) (1024K)]
Total: 13

Threads with active compile tasks:
Total: 0

VM state: at safepoint (normal execution)

VM Mutex/Monitor currently owned by a thread:  ([mutex/lock_event])
[0x00007ffd90e795e8] Threads_lock - owner thread: 0x00000212438b9d00
[0x00007ffd90e79768] Heap_lock - owner thread: 0x000002124f9f24c0

Heap address: 0x00000000e0000000, size: 512 MB, Compressed Oops mode: 32-bit

CDS archive(s) mapped at: [0x0000000083000000-0x0000000083dd0000-0x0000000083dd0000), size 14483456, SharedBaseAddress: 0x0000000083000000, ArchiveRelocationMode: 1.
Compressed class space mapped at: 0x0000000084000000-0x00000000c4000000, reserved size: 1073741824
UseCompressedClassPointers 1, UseCompactObjectHeaders 0
Narrow klass pointer bits 32, Max shift 3
Narrow klass base: 0x0000000083000000, Narrow klass shift: 0
Encoding Range: [0x0000000083000000 - 0x0000000183000000), (4294967296 bytes)
Klass Range:    [0x0000000083010000 - 0x00000000c4000000), (1090453504 bytes)
Klass ID Range:  [65536 - 1090519033) (1090453497)
Protection zone: [0x0000000083000000 - 0x0000000083010000), (65536 bytes)

GC Precious Log:
 CardTable entry size: 512
 Card Set container configuration: InlinePtr #cards 5 size 8 Array Of Cards #cards 10 size 36 Howl #buckets 4 coarsen threshold 1843 Howl Bitmap #cards 512 size 80 coarsen threshold 460 Card regions per heap region 1 cards per card region 2048
 CPUs: 6 total, 6 available
 Memory: 7538M
 Large Page Support: Disabled
 NUMA Support: Disabled
 Compressed Oops: Enabled (32-bit)
 Heap Region Size: 1M
 Heap Min Capacity: 8M
 Heap Initial Capacity: 118M
 Heap Max Capacity: 512M
 Pre-touch: Disabled
 Parallel Workers: 6
 Concurrent Workers: 2
 Concurrent Refinement Workers: 6
 Periodic GC: Disabled

Heap:
 garbage-first heap   total reserved 524288K, committed 97280K, used 76043K [0x00000000e0000000, 0x0000000100000000)
  region size 1024K, 18 young (18432K), 4 survivors (4096K)

Heap Regions: E=young(eden), S=young(survivor), O=old, HS=humongous(starts), HC=humongous(continues), CS=collection set, F=free, TAMS=top-at-mark-start, PB=parsable bottom
|   0|0x00000000e0000000, 0x00000000e0100000, 0x00000000e0100000|100%|HS|  |TAMS 0x00000000e0000000| PB 0x00000000e0000000| Complete |  0
|   1|0x00000000e0100000, 0x00000000e0200000, 0x00000000e0200000|100%|HS|  |TAMS 0x00000000e0100000| PB 0x00000000e0100000| Complete |  0
|   2|0x00000000e0200000, 0x00000000e0300000, 0x00000000e0300000|100%| O|  |TAMS 0x00000000e0200000| PB 0x00000000e0200000| Untracked |  0
|   3|0x00000000e0300000, 0x00000000e03ffff0, 0x00000000e0400000| 99%| O|  |TAMS 0x00000000e0300000| PB 0x00000000e0300000| Untracked |  0
|   4|0x00000000e0400000, 0x00000000e04fffd8, 0x00000000e0500000| 99%| O|  |TAMS 0x00000000e0400000| PB 0x00000000e0400000| Untracked |  0
|   5|0x00000000e0500000, 0x00000000e0600000, 0x00000000e0600000|100%| O|  |TAMS 0x00000000e0500000| PB 0x00000000e0500000| Untracked |  0
|   6|0x00000000e0600000, 0x00000000e0700000, 0x00000000e0700000|100%| O|  |TAMS 0x00000000e0600000| PB 0x00000000e0600000| Untracked |  0
|   7|0x00000000e0700000, 0x00000000e0800000, 0x00000000e0800000|100%| O|  |TAMS 0x00000000e0700000| PB 0x00000000e0700000| Untracked |  0
|   8|0x00000000e0800000, 0x00000000e08fffe8, 0x00000000e0900000| 99%| O|  |TAMS 0x00000000e0800000| PB 0x00000000e0800000| Untracked |  0
|   9|0x00000000e0900000, 0x00000000e09fffe0, 0x00000000e0a00000| 99%| O|  |TAMS 0x00000000e0900000| PB 0x00000000e0900000| Untracked |  0
|  10|0x00000000e0a00000, 0x00000000e0b00000, 0x00000000e0b00000|100%| O|  |TAMS 0x00000000e0a00000| PB 0x00000000e0a00000| Untracked |  0
|  11|0x00000000e0b00000, 0x00000000e0bffff8, 0x00000000e0c00000| 99%| O|  |TAMS 0x00000000e0b00000| PB 0x00000000e0b00000| Untracked |  0
|  12|0x00000000e0c00000, 0x00000000e0d00000, 0x00000000e0d00000|100%| O|  |TAMS 0x00000000e0c00000| PB 0x00000000e0c00000| Untracked |  0
|  13|0x00000000e0d00000, 0x00000000e0e00000, 0x00000000e0e00000|100%| O|  |TAMS 0x00000000e0d00000| PB 0x00000000e0d00000| Untracked |  0
|  14|0x00000000e0e00000, 0x00000000e0effff8, 0x00000000e0f00000| 99%| O|  |TAMS 0x00000000e0e00000| PB 0x00000000e0e00000| Untracked |  0
|  15|0x00000000e0f00000, 0x00000000e0ffed60, 0x00000000e1000000| 99%| O|  |TAMS 0x00000000e0f00000| PB 0x00000000e0f00000| Untracked |  0
|  16|0x00000000e1000000, 0x00000000e10ffff0, 0x00000000e1100000| 99%| O|  |TAMS 0x00000000e1000000| PB 0x00000000e1000000| Untracked |  0
|  17|0x00000000e1100000, 0x00000000e1200000, 0x00000000e1200000|100%| O|  |TAMS 0x00000000e1100000| PB 0x00000000e1100000| Untracked |  0
|  18|0x00000000e1200000, 0x00000000e1300000, 0x00000000e1300000|100%| O|  |TAMS 0x00000000e1200000| PB 0x00000000e1200000| Untracked |  0
|  19|0x00000000e1300000, 0x00000000e13ffff8, 0x00000000e1400000| 99%| O|  |TAMS 0x00000000e1300000| PB 0x00000000e1300000| Untracked |  0
|  20|0x00000000e1400000, 0x00000000e14ffff8, 0x00000000e1500000| 99%| O|  |TAMS 0x00000000e1400000| PB 0x00000000e1400000| Untracked |  0
|  21|0x00000000e1500000, 0x00000000e15fffc0, 0x00000000e1600000| 99%| O|  |TAMS 0x00000000e1500000| PB 0x00000000e1500000| Untracked |  0
|  22|0x00000000e1600000, 0x00000000e1700000, 0x00000000e1700000|100%| O|  |TAMS 0x00000000e1600000| PB 0x00000000e1600000| Untracked |  0
|  23|0x00000000e1700000, 0x00000000e17ffff0, 0x00000000e1800000| 99%| O|  |TAMS 0x00000000e1700000| PB 0x00000000e1700000| Untracked |  0
|  24|0x00000000e1800000, 0x00000000e1900000, 0x00000000e1900000|100%| O|  |TAMS 0x00000000e1800000| PB 0x00000000e1800000| Untracked |  0
|  25|0x00000000e1900000, 0x00000000e1a00000, 0x00000000e1a00000|100%| O|  |TAMS 0x00000000e1900000| PB 0x00000000e1900000| Untracked |  0
|  26|0x00000000e1a00000, 0x00000000e1b00000, 0x00000000e1b00000|100%| O|  |TAMS 0x00000000e1a00000| PB 0x00000000e1a00000| Untracked |  0
|  27|0x00000000e1b00000, 0x00000000e1bffff0, 0x00000000e1c00000| 99%| O|  |TAMS 0x00000000e1b00000| PB 0x00000000e1b00000| Untracked |  0
|  28|0x00000000e1c00000, 0x00000000e1cffff8, 0x00000000e1d00000| 99%| O|  |TAMS 0x00000000e1c00000| PB 0x00000000e1c00000| Untracked |  0
|  29|0x00000000e1d00000, 0x00000000e1dffff0, 0x00000000e1e00000| 99%| O|  |TAMS 0x00000000e1d00000| PB 0x00000000e1d00000| Untracked |  0
|  30|0x00000000e1e00000, 0x00000000e1effff8, 0x00000000e1f00000| 99%| O|  |TAMS 0x00000000e1e00000| PB 0x00000000e1e00000| Untracked |  0
|  31|0x00000000e1f00000, 0x00000000e1fc4158, 0x00000000e2000000| 76%| O|  |TAMS 0x00000000e1f00000| PB 0x00000000e1f00000| Untracked |  0
|  32|0x00000000e2000000, 0x00000000e20ffff8, 0x00000000e2100000| 99%| O|  |TAMS 0x00000000e2000000| PB 0x00000000e2000000| Untracked |  0
|  33|0x00000000e2100000, 0x00000000e21ffff8, 0x00000000e2200000| 99%| O|  |TAMS 0x00000000e2100000| PB 0x00000000e2100000| Untracked |  0
|  34|0x00000000e2200000, 0x00000000e22ffff0, 0x00000000e2300000| 99%| O|  |TAMS 0x00000000e2200000| PB 0x00000000e2200000| Untracked |  0
|  35|0x00000000e2300000, 0x00000000e2400000, 0x00000000e2400000|100%| O|  |TAMS 0x00000000e2300000| PB 0x00000000e2300000| Untracked |  0
|  36|0x00000000e2400000, 0x00000000e24f7160, 0x00000000e2500000| 96%| O|  |TAMS 0x00000000e2400000| PB 0x00000000e2400000| Untracked |  0
|  37|0x00000000e2500000, 0x00000000e25898c0, 0x00000000e2600000| 53%| O|  |TAMS 0x00000000e2500000| PB 0x00000000e2500000| Untracked |  0
|  38|0x00000000e2600000, 0x00000000e26ff6b8, 0x00000000e2700000| 99%| O|  |TAMS 0x00000000e2600000| PB 0x00000000e2600000| Untracked |  0
|  39|0x00000000e2700000, 0x00000000e2800000, 0x00000000e2800000|100%| O|  |TAMS 0x00000000e2700000| PB 0x00000000e2700000| Untracked |  0
|  40|0x00000000e2800000, 0x00000000e2900000, 0x00000000e2900000|100%| O|  |TAMS 0x00000000e2800000| PB 0x00000000e2800000| Untracked |  0
|  41|0x00000000e2900000, 0x00000000e2a00000, 0x00000000e2a00000|100%| O|  |TAMS 0x00000000e2900000| PB 0x00000000e2900000| Untracked |  0
|  42|0x00000000e2a00000, 0x00000000e2b00000, 0x00000000e2b00000|100%| O|  |TAMS 0x00000000e2a00000| PB 0x00000000e2a00000| Untracked |  0
|  43|0x00000000e2b00000, 0x00000000e2c00000, 0x00000000e2c00000|100%| O|  |TAMS 0x00000000e2b00000| PB 0x00000000e2b00000| Untracked |  0
|  44|0x00000000e2c00000, 0x00000000e2d00000, 0x00000000e2d00000|100%| O|  |TAMS 0x00000000e2c00000| PB 0x00000000e2c00000| Untracked |  0
|  45|0x00000000e2d00000, 0x00000000e2e00000, 0x00000000e2e00000|100%| O|  |TAMS 0x00000000e2d00000| PB 0x00000000e2d00000| Untracked |  0
|  46|0x00000000e2e00000, 0x00000000e2f00000, 0x00000000e2f00000|100%| O|  |TAMS 0x00000000e2e00000| PB 0x00000000e2e00000| Untracked |  0
|  47|0x00000000e2f00000, 0x00000000e3000000, 0x00000000e3000000|100%| O|  |TAMS 0x00000000e2f00000| PB 0x00000000e2f00000| Untracked |  0
|  48|0x00000000e3000000, 0x00000000e3100000, 0x00000000e3100000|100%| O|  |TAMS 0x00000000e3000000| PB 0x00000000e3000000| Untracked |  0
|  49|0x00000000e3100000, 0x00000000e3200000, 0x00000000e3200000|100%| O|  |TAMS 0x00000000e3100000| PB 0x00000000e3100000| Untracked |  0
|  50|0x00000000e3200000, 0x00000000e3200000, 0x00000000e3300000|  0%| F|  |TAMS 0x00000000e3200000| PB 0x00000000e3200000| Untracked |  0
|  51|0x00000000e3300000, 0x00000000e3400000, 0x00000000e3400000|100%| O|  |TAMS 0x00000000e3300000| PB 0x00000000e3300000| Untracked |  0
|  52|0x00000000e3400000, 0x00000000e3500000, 0x00000000e3500000|100%|HS|  |TAMS 0x00000000e3400000| PB 0x00000000e3400000| Complete |  0
|  53|0x00000000e3500000, 0x00000000e3600000, 0x00000000e3600000|100%|HC|  |TAMS 0x00000000e3500000| PB 0x00000000e3500000| Complete |  0
|  54|0x00000000e3600000, 0x00000000e3700000, 0x00000000e3700000|100%| O|  |TAMS 0x00000000e3600000| PB 0x00000000e3600000| Untracked |  0
|  55|0x00000000e3700000, 0x00000000e3800000, 0x00000000e3800000|100%| O|  |TAMS 0x00000000e3700000| PB 0x00000000e3700000| Untracked |  0
|  56|0x00000000e3800000, 0x00000000e3800000, 0x00000000e3900000|  0%| F|  |TAMS 0x00000000e3800000| PB 0x00000000e3800000| Untracked |  0
|  57|0x00000000e3900000, 0x00000000e3900000, 0x00000000e3a00000|  0%| F|  |TAMS 0x00000000e3900000| PB 0x00000000e3900000| Untracked |  0
|  58|0x00000000e3a00000, 0x00000000e3a00000, 0x00000000e3b00000|  0%| F|  |TAMS 0x00000000e3a00000| PB 0x00000000e3a00000| Untracked |  0
|  59|0x00000000e3b00000, 0x00000000e3b00000, 0x00000000e3c00000|  0%| F|  |TAMS 0x00000000e3b00000| PB 0x00000000e3b00000| Untracked |  0
|  60|0x00000000e3c00000, 0x00000000e3d00000, 0x00000000e3d00000|100%| O|  |TAMS 0x00000000e3c00000| PB 0x00000000e3c00000| Untracked |  0
|  61|0x00000000e3d00000, 0x00000000e3e00000, 0x00000000e3e00000|100%| O|  |TAMS 0x00000000e3d00000| PB 0x00000000e3d00000| Untracked |  0
|  62|0x00000000e3e00000, 0x00000000e3f00000, 0x00000000e3f00000|100%| S|CS|TAMS 0x00000000e3e00000| PB 0x00000000e3e00000| Complete |  0
|  63|0x00000000e3f00000, 0x00000000e4000000, 0x00000000e4000000|100%| S|CS|TAMS 0x00000000e3f00000| PB 0x00000000e3f00000| Complete |  0
|  64|0x00000000e4000000, 0x00000000e4100000, 0x00000000e4100000|100%| S|CS|TAMS 0x00000000e4000000| PB 0x00000000e4000000| Complete |  0
|  65|0x00000000e4100000, 0x00000000e4200000, 0x00000000e4200000|100%| S|CS|TAMS 0x00000000e4100000| PB 0x00000000e4100000| Complete |  0
|  66|0x00000000e4200000, 0x00000000e4200000, 0x00000000e4300000|  0%| F|  |TAMS 0x00000000e4200000| PB 0x00000000e4200000| Untracked |  0
|  67|0x00000000e4300000, 0x00000000e4300000, 0x00000000e4400000|  0%| F|  |TAMS 0x00000000e4300000| PB 0x00000000e4300000| Untracked |  0
|  68|0x00000000e4400000, 0x00000000e4400000, 0x00000000e4500000|  0%| F|  |TAMS 0x00000000e4400000| PB 0x00000000e4400000| Untracked |  0
|  69|0x00000000e4500000, 0x00000000e4500000, 0x00000000e4600000|  0%| F|  |TAMS 0x00000000e4500000| PB 0x00000000e4500000| Untracked |  0
|  70|0x00000000e4600000, 0x00000000e4600000, 0x00000000e4700000|  0%| F|  |TAMS 0x00000000e4600000| PB 0x00000000e4600000| Untracked |  0
|  71|0x00000000e4700000, 0x00000000e4700000, 0x00000000e4800000|  0%| F|  |TAMS 0x00000000e4700000| PB 0x00000000e4700000| Untracked |  0
|  72|0x00000000e4800000, 0x00000000e4800000, 0x00000000e4900000|  0%| F|  |TAMS 0x00000000e4800000| PB 0x00000000e4800000| Untracked |  0
|  73|0x00000000e4900000, 0x00000000e4900000, 0x00000000e4a00000|  0%| F|  |TAMS 0x00000000e4900000| PB 0x00000000e4900000| Untracked |  0
|  74|0x00000000e4a00000, 0x00000000e4a00000, 0x00000000e4b00000|  0%| F|  |TAMS 0x00000000e4a00000| PB 0x00000000e4a00000| Untracked |  0
|  75|0x00000000e4b00000, 0x00000000e4b00000, 0x00000000e4c00000|  0%| F|  |TAMS 0x00000000e4b00000| PB 0x00000000e4b00000| Untracked |  0
|  76|0x00000000e4c00000, 0x00000000e4c00000, 0x00000000e4d00000|  0%| F|  |TAMS 0x00000000e4c00000| PB 0x00000000e4c00000| Untracked |  0
|  77|0x00000000e4d00000, 0x00000000e4d00000, 0x00000000e4e00000|  0%| F|  |TAMS 0x00000000e4d00000| PB 0x00000000e4d00000| Untracked |  0
|  78|0x00000000e4e00000, 0x00000000e4e00000, 0x00000000e4f00000|  0%| F|  |TAMS 0x00000000e4e00000| PB 0x00000000e4e00000| Untracked |  0
|  79|0x00000000e4f00000, 0x00000000e4f00000, 0x00000000e5000000|  0%| F|  |TAMS 0x00000000e4f00000| PB 0x00000000e4f00000| Untracked |  0
|  80|0x00000000e5000000, 0x00000000e5006d50, 0x00000000e5100000|  2%| E|  |TAMS 0x00000000e5000000| PB 0x00000000e5000000| Complete |  0
|  81|0x00000000e5100000, 0x00000000e5200000, 0x00000000e5200000|100%| E|CS|TAMS 0x00000000e5100000| PB 0x00000000e5100000| Complete |  0
|  82|0x00000000e5200000, 0x00000000e5300000, 0x00000000e5300000|100%| E|CS|TAMS 0x00000000e5200000| PB 0x00000000e5200000| Complete |  0
|  83|0x00000000e5300000, 0x00000000e5400000, 0x00000000e5400000|100%| E|CS|TAMS 0x00000000e5300000| PB 0x00000000e5300000| Complete |  0
|  84|0x00000000e5400000, 0x00000000e5500000, 0x00000000e5500000|100%| E|CS|TAMS 0x00000000e5400000| PB 0x00000000e5400000| Complete |  0
|  85|0x00000000e5500000, 0x00000000e5600000, 0x00000000e5600000|100%| E|CS|TAMS 0x00000000e5500000| PB 0x00000000e5500000| Complete |  0
|  86|0x00000000e5600000, 0x00000000e5700000, 0x00000000e5700000|100%| E|CS|TAMS 0x00000000e5600000| PB 0x00000000e5600000| Complete |  0
|  87|0x00000000e5700000, 0x00000000e5800000, 0x00000000e5800000|100%| E|CS|TAMS 0x00000000e5700000| PB 0x00000000e5700000| Complete |  0
|  88|0x00000000e5800000, 0x00000000e5900000, 0x00000000e5900000|100%| E|CS|TAMS 0x00000000e5800000| PB 0x00000000e5800000| Complete |  0
|  95|0x00000000e5f00000, 0x00000000e6000000, 0x00000000e6000000|100%| E|CS|TAMS 0x00000000e5f00000| PB 0x00000000e5f00000| Complete |  0
|  96|0x00000000e6000000, 0x00000000e6100000, 0x00000000e6100000|100%| E|CS|TAMS 0x00000000e6000000| PB 0x00000000e6000000| Complete |  0
|  97|0x00000000e6100000, 0x00000000e6200000, 0x00000000e6200000|100%| E|CS|TAMS 0x00000000e6100000| PB 0x00000000e6100000| Complete |  0
| 117|0x00000000e7500000, 0x00000000e7600000, 0x00000000e7600000|100%| E|CS|TAMS 0x00000000e7500000| PB 0x00000000e7500000| Complete |  0
| 510|0x00000000ffe00000, 0x00000000fff00000, 0x00000000fff00000|100%| O|  |TAMS 0x00000000ffe00000| PB 0x00000000ffe00000| Untracked |  0
| 511|0x00000000fff00000, 0x0000000100000000, 0x0000000100000000|100%| E|CS|TAMS 0x00000000fff00000| PB 0x00000000fff00000| Complete |  0

Card table byte_map: [0x0000021240820000,0x0000021240920000] _byte_map_base: 0x0000021240120000

Marking Bits: (CMBitMap*) 0x0000021234fd5a00
 Bits: [0x0000021240920000, 0x0000021241120000)

Polling page: 0x0000021232df0000

Metaspace:
Metaspace        used 96777K, committed 97600K, reserved 1179648K
 class space     used 14617K, committed 14976K, reserved 1048576K

Usage:
  Non-class:     80.23 MB used.
      Class:     14.27 MB used.
       Both:     94.51 MB used.

Virtual space:
  Non-class space:      128.00 MB reserved,      80.69 MB ( 63%) committed,  2 nodes.
      Class space:        1.00 GB reserved,      14.62 MB (  1%) committed,  1 nodes.
             Both:        1.12 GB reserved,      95.31 MB (  8%) committed. 

Chunk freelists:
   Non-Class:  14.46 MB
       Class:  1.20 MB
        Both:  15.66 MB

MaxMetaspaceSize: unlimited
CompressedClassSpaceSize: 1.00 GB
Initial GC threshold: 21.00 MB
Current GC threshold: 157.44 MB
CDS: on
 - commit_granule_bytes: 65536.
 - commit_granule_words: 8192.
 - virtual_space_node_default_size: 8388608.
 - enlarge_chunks_in_place: 1.
UseCompressedClassPointers 1, UseCompactObjectHeaders 0
Narrow klass pointer bits 32, Max shift 3
Narrow klass base: 0x0000000083000000, Narrow klass shift: 0
Encoding Range: [0x0000000083000000 - 0x0000000183000000), (4294967296 bytes)
Klass Range:    [0x0000000083010000 - 0x00000000c4000000), (1090453504 bytes)
Klass ID Range:  [65536 - 1090519033) (1090453497)
Protection zone: [0x0000000083000000 - 0x0000000083010000), (65536 bytes)


Internal statistics:

num_allocs_failed_limit: 12.
num_arena_births: 1450.
num_arena_deaths: 328.
num_vsnodes_births: 3.
num_vsnodes_deaths: 0.
num_space_committed: 1525.
num_space_uncommitted: 0.
num_chunks_returned_to_freelist: 360.
num_chunks_taken_from_freelist: 5184.
num_chunk_merges: 96.
num_chunk_splits: 3690.
num_chunks_enlarged: 3017.
num_inconsistent_stats: 0.

CodeCache: size=49152Kb used=14415Kb max_used=14422Kb free=34736Kb
 bounds [0x000002123d820000, 0x000002123e640000, 0x0000021240820000]
 total_blobs=10956, nmethods=10141, adapters=736, full_count=0
Compilation: enabled, stopped_count=0, restarted_count=0

Compilation events (20 events):
Event: 329.638 Thread 0x0000021248fdfbc0 nmethod 14079 0x000002123e2d6108 code [0x000002123e2d6200, 0x000002123e2d63a8]
Event: 329.638 Thread 0x0000021234fb6f30 nmethod 14080 0x000002123e2d5e08 code [0x000002123e2d5f00, 0x000002123e2d6018]
Event: 329.638 Thread 0x0000021248fdfbc0 14081       1       org.springframework.beans.factory.support.DefaultListableBeanFactory::clearByTypeCache (19 bytes)
Event: 329.639 Thread 0x0000021248fe3430 14082       1       org.springframework.beans.factory.support.DefaultListableBeanFactory::destroySingleton (15 bytes)
Event: 329.639 Thread 0x0000021248fdfbc0 nmethod 14081 0x000002123e2d5b08 code [0x000002123e2d5c00, 0x000002123e2d5d38]
Event: 329.639 Thread 0x0000021248fdfbc0 14083   !   1       org.springframework.beans.factory.support.DefaultSingletonBeanRegistry::destroySingleton (111 bytes)
Event: 329.639 Thread 0x0000021248fe3430 nmethod 14082 0x000002123e2d5688 code [0x000002123e2d5780, 0x000002123e2d5a78]
Event: 329.639 Thread 0x0000021248fdfbc0 nmethod 14083 0x000002123e2d5088 code [0x000002123e2d5180, 0x000002123e2d5638]
Event: 329.640 Thread 0x0000021248fdfbc0 14084       1       java.io.ObjectOutputStream$BlockDataOutputStream::writeByte (33 bytes)
Event: 329.641 Thread 0x0000021248fdfbc0 nmethod 14084 0x000002123e2d4d88 code [0x000002123e2d4e80, 0x000002123e2d4fc0]
Event: 329.641 Thread 0x0000021248fe3430 14085       1       java.io.ObjectOutputStream$BlockDataOutputStream::setBlockDataMode (35 bytes)
Event: 329.641 Thread 0x0000021234fb6f30 14086       1       java.io.ObjectOutputStream$HandleTable::lookup (56 bytes)
Event: 329.641 Thread 0x0000021248fe3430 nmethod 14085 0x000002123e2d4a88 code [0x000002123e2d4b80, 0x000002123e2d4cc8]
Event: 329.641 Thread 0x0000021234fb6f30 nmethod 14086 0x000002123e2d4788 code [0x000002123e2d4880, 0x000002123e2d4a80]
Event: 329.641 Thread 0x0000021248fdfbc0 14087       1       java.io.ObjectOutputStream$HandleTable::insert (39 bytes)
Event: 329.641 Thread 0x0000021248fe3430 14088       1       java.io.ObjectOutputStream$BlockDataOutputStream::drain (45 bytes)
Event: 329.641 Thread 0x0000021234fb6f30 14089  s    1       java.io.BufferedOutputStream::write (71 bytes)
Event: 329.641 Thread 0x0000021248fe3430 nmethod 14088 0x000002123e2d4488 code [0x000002123e2d4580, 0x000002123e2d46f8]
Event: 329.642 Thread 0x0000021248fdfbc0 nmethod 14087 0x000002123e2d4008 code [0x000002123e2d4100, 0x000002123e2d4350]
Event: 329.642 Thread 0x0000021234fb6f30 nmethod 14089 0x000002123e2e8288 code [0x000002123e2e8380, 0x000002123e2e8840]

GC Heap Usage History (20 events):
Event: 24.522 {heap After GC invocations=23 (full 0):
 garbage-first heap   total reserved 524288K, committed 84992K, used 54431K [0x00000000e0000000, 0x0000000100000000)
  region size 1024K, 4 young (4096K), 4 survivors (4096K)
}
Event: 68.286 {heap Before GC invocations=24 (full 0):
 garbage-first heap   total reserved 524288K, committed 92160K, used 79007K [0x00000000e0000000, 0x0000000100000000)
  region size 1024K, 28 young (28672K), 4 survivors (4096K)
}
Event: 68.290 {heap After GC invocations=25 (full 0):
 garbage-first heap   total reserved 524288K, committed 92160K, used 56689K [0x00000000e0000000, 0x0000000100000000)
  region size 1024K, 4 young (4096K), 4 survivors (4096K)
}
Event: 218.661 {heap Before GC invocations=25 (full 0):
 garbage-first heap   total reserved 524288K, committed 92160K, used 83313K [0x00000000e0000000, 0x0000000100000000)
  region size 1024K, 30 young (30720K), 4 survivors (4096K)
}
Event: 218.664 {heap After GC invocations=26 (full 0):
 garbage-first heap   total reserved 524288K, committed 92160K, used 56490K [0x00000000e0000000, 0x0000000100000000)
  region size 1024K, 1 young (1024K), 1 survivors (1024K)
}
Event: 320.170 {heap Before GC invocations=26 (full 0):
 garbage-first heap   total reserved 524288K, committed 92160K, used 76970K [0x00000000e0000000, 0x0000000100000000)
  region size 1024K, 23 young (23552K), 1 survivors (1024K)
}
Event: 320.232 {heap After GC invocations=27 (full 1):
 garbage-first heap   total reserved 524288K, committed 92160K, used 39405K [0x00000000e0000000, 0x0000000100000000)
  region size 1024K, 0 young (0K), 0 survivors (0K)
}
Event: 320.590 {heap Before GC invocations=27 (full 1):
 garbage-first heap   total reserved 524288K, committed 92160K, used 77293K [0x00000000e0000000, 0x0000000100000000)
  region size 1024K, 38 young (38912K), 0 survivors (0K)
}
Event: 320.595 {heap After GC invocations=28 (full 1):
 garbage-first heap   total reserved 524288K, committed 92160K, used 47372K [0x00000000e0000000, 0x0000000100000000)
  region size 1024K, 5 young (5120K), 5 survivors (5120K)
}
Event: 320.928 {heap Before GC invocations=29 (full 1):
 garbage-first heap   total reserved 524288K, committed 92160K, used 79116K [0x00000000e0000000, 0x0000000100000000)
  region size 1024K, 36 young (36864K), 5 survivors (5120K)
}
Event: 320.933 {heap After GC invocations=30 (full 1):
 garbage-first heap   total reserved 524288K, committed 92160K, used 52023K [0x00000000e0000000, 0x0000000100000000)
  region size 1024K, 5 young (5120K), 5 survivors (5120K)
}
Event: 321.142 {heap Before GC invocations=30 (full 1):
 garbage-first heap   total reserved 524288K, committed 92160K, used 79671K [0x00000000e0000000, 0x0000000100000000)
  region size 1024K, 32 young (32768K), 5 survivors (5120K)
}
Event: 321.146 {heap After GC invocations=31 (full 1):
 garbage-first heap   total reserved 524288K, committed 92160K, used 53995K [0x00000000e0000000, 0x0000000100000000)
  region size 1024K, 2 young (2048K), 2 survivors (2048K)
}
Event: 321.365 {heap Before GC invocations=31 (full 1):
 garbage-first heap   total reserved 524288K, committed 92160K, used 81643K [0x00000000e0000000, 0x0000000100000000)
  region size 1024K, 29 young (29696K), 2 survivors (2048K)
}
Event: 321.369 {heap After GC invocations=32 (full 1):
 garbage-first heap   total reserved 524288K, committed 92160K, used 56717K [0x00000000e0000000, 0x0000000100000000)
  region size 1024K, 4 young (4096K), 4 survivors (4096K)
}
Event: 321.590 {heap Before GC invocations=33 (full 1):
 garbage-first heap   total reserved 524288K, committed 97280K, used 84365K [0x00000000e0000000, 0x0000000100000000)
  region size 1024K, 29 young (29696K), 4 survivors (4096K)
}
Event: 321.595 {heap After GC invocations=34 (full 1):
 garbage-first heap   total reserved 524288K, committed 97280K, used 61482K [0x00000000e0000000, 0x0000000100000000)
  region size 1024K, 3 young (3072K), 3 survivors (3072K)
}
Event: 321.792 {heap Before GC invocations=34 (full 1):
 garbage-first heap   total reserved 524288K, committed 97280K, used 87082K [0x00000000e0000000, 0x0000000100000000)
  region size 1024K, 28 young (28672K), 3 survivors (3072K)
}
Event: 321.795 {heap After GC invocations=35 (full 1):
 garbage-first heap   total reserved 524288K, committed 97280K, used 62731K [0x00000000e0000000, 0x0000000100000000)
  region size 1024K, 4 young (4096K), 4 survivors (4096K)
}
Event: 329.646 {heap Before GC invocations=35 (full 1):
 garbage-first heap   total reserved 524288K, committed 97280K, used 76043K [0x00000000e0000000, 0x0000000100000000)
  region size 1024K, 18 young (18432K), 4 survivors (4096K)
}

Metaspace Usage History (20 events):
Event: 24.522 {metaspace After GC invocations=23 (full 0):
 Metaspace       used 91163K, committed 91904K, reserved 1179648K
  class space    used 13948K, committed 14272K, reserved 1048576K
}
Event: 68.286 {metaspace Before GC invocations=24 (full 0):
 Metaspace       used 94452K, committed 95168K, reserved 1179648K
  class space    used 14384K, committed 14720K, reserved 1048576K
}
Event: 68.290 {metaspace After GC invocations=25 (full 0):
 Metaspace       used 94452K, committed 95168K, reserved 1179648K
  class space    used 14384K, committed 14720K, reserved 1048576K
}
Event: 218.661 {metaspace Before GC invocations=25 (full 0):
 Metaspace       used 94455K, committed 95168K, reserved 1179648K
  class space    used 14384K, committed 14720K, reserved 1048576K
}
Event: 218.664 {metaspace After GC invocations=26 (full 0):
 Metaspace       used 94455K, committed 95168K, reserved 1179648K
  class space    used 14384K, committed 14720K, reserved 1048576K
}
Event: 320.170 {metaspace Before GC invocations=26 (full 0):
 Metaspace       used 94737K, committed 95552K, reserved 1179648K
  class space    used 14425K, committed 14784K, reserved 1048576K
}
Event: 320.232 {metaspace After GC invocations=27 (full 1):
 Metaspace       used 94430K, committed 95552K, reserved 1179648K
  class space    used 14341K, committed 14784K, reserved 1048576K
}
Event: 320.590 {metaspace Before GC invocations=27 (full 1):
 Metaspace       used 94957K, committed 95680K, reserved 1179648K
  class space    used 14398K, committed 14784K, reserved 1048576K
}
Event: 320.595 {metaspace After GC invocations=28 (full 1):
 Metaspace       used 94957K, committed 95680K, reserved 1179648K
  class space    used 14398K, committed 14784K, reserved 1048576K
}
Event: 320.928 {metaspace Before GC invocations=29 (full 1):
 Metaspace       used 95116K, committed 95872K, reserved 1179648K
  class space    used 14437K, committed 14784K, reserved 1048576K
}
Event: 320.933 {metaspace After GC invocations=30 (full 1):
 Metaspace       used 95116K, committed 95872K, reserved 1179648K
  class space    used 14437K, committed 14784K, reserved 1048576K
}
Event: 321.142 {metaspace Before GC invocations=30 (full 1):
 Metaspace       used 95350K, committed 96064K, reserved 1179648K
  class space    used 14478K, committed 14784K, reserved 1048576K
}
Event: 321.146 {metaspace After GC invocations=31 (full 1):
 Metaspace       used 95350K, committed 96064K, reserved 1179648K
  class space    used 14478K, committed 14784K, reserved 1048576K
}
Event: 321.365 {metaspace Before GC invocations=31 (full 1):
 Metaspace       used 95836K, committed 96576K, reserved 1179648K
  class space    used 14511K, committed 14848K, reserved 1048576K
}
Event: 321.369 {metaspace After GC invocations=32 (full 1):
 Metaspace       used 95836K, committed 96576K, reserved 1179648K
  class space    used 14511K, committed 14848K, reserved 1048576K
}
Event: 321.590 {metaspace Before GC invocations=33 (full 1):
 Metaspace       used 96481K, committed 97280K, reserved 1179648K
  class space    used 14558K, committed 14912K, reserved 1048576K
}
Event: 321.595 {metaspace After GC invocations=34 (full 1):
 Metaspace       used 96481K, committed 97280K, reserved 1179648K
  class space    used 14558K, committed 14912K, reserved 1048576K
}
Event: 321.792 {metaspace Before GC invocations=34 (full 1):
 Metaspace       used 96758K, committed 97600K, reserved 1179648K
  class space    used 14612K, committed 14976K, reserved 1048576K
}
Event: 321.795 {metaspace After GC invocations=35 (full 1):
 Metaspace       used 96758K, committed 97600K, reserved 1179648K
  class space    used 14612K, committed 14976K, reserved 1048576K
}
Event: 329.646 {metaspace Before GC invocations=35 (full 1):
 Metaspace       used 96777K, committed 97600K, reserved 1179648K
  class space    used 14617K, committed 14976K, reserved 1048576K
}

Dll operation events (9 events):
Event: 0.008 Loaded shared library C:\Program Files\Java\jdk-25.0.2\bin\java.dll
Event: 0.118 Loaded shared library C:\Program Files\Java\jdk-25.0.2\bin\net.dll
Event: 0.119 Loaded shared library C:\Program Files\Java\jdk-25.0.2\bin\nio.dll
Event: 0.122 Loaded shared library C:\Program Files\Java\jdk-25.0.2\bin\zip.dll
Event: 0.215 Loaded shared library C:\Program Files\Java\jdk-25.0.2\bin\jimage.dll
Event: 0.449 Loaded shared library C:\Program Files\Java\jdk-25.0.2\bin\management.dll
Event: 0.451 Loaded shared library C:\Program Files\Java\jdk-25.0.2\bin\management_ext.dll
Event: 1.017 Loaded shared library C:\Program Files\Java\jdk-25.0.2\bin\sunmscapi.dll
Event: 7.558 Loaded shared library C:\Program Files\Java\jdk-25.0.2\bin\extnet.dll

Deoptimization events (8 events):
Event: 2.156 Thread 0x00000212489064a0 DEOPT PACKING pc=0x000002123dec46a4 sp=0x000000513acfc680
Event: 2.156 Thread 0x00000212489064a0 DEOPT UNPACKING pc=0x000002123d871702 sp=0x000000513acfbb88 mode 0
Event: 2.785 Thread 0x0000021249c45040 DEOPT PACKING pc=0x000002123dcff851 sp=0x000000513b4fede0
Event: 2.785 Thread 0x0000021249c45040 DEOPT UNPACKING pc=0x000002123d871702 sp=0x000000513b4fe238 mode 3
Event: 2.785 Thread 0x0000021249193540 DEOPT PACKING pc=0x000002123dbc1456 sp=0x000000513b3feab0
Event: 2.785 Thread 0x0000021249193540 DEOPT UNPACKING pc=0x000002123d871702 sp=0x000000513b3fdf40 mode 3
Event: 24.717 Thread 0x000002124a50aa50 DEOPT PACKING pc=0x000002123e3cbea2 sp=0x000000513bdfb140
Event: 24.717 Thread 0x000002124a50aa50 DEOPT UNPACKING pc=0x000002123d871702 sp=0x000000513bdfa5a8 mode 0

Classes loaded (20 events):
Event: 320.107 Loading class sun/net/spi/DefaultProxySelector$NonProxyInfo
Event: 320.107 Loading class sun/net/spi/DefaultProxySelector$NonProxyInfo done
Event: 320.123 Loading class java/util/PriorityQueue$Itr
Event: 320.123 Loading class java/util/PriorityQueue$Itr done
Event: 320.123 Loading class java/nio/ByteBufferAsLongBufferB
Event: 320.123 Loading class java/nio/ByteBufferAsLongBufferB done
Event: 320.163 Loading class java/io/ObjectOutputStream$BlockDataOutputStream
Event: 320.164 Loading class java/io/ObjectOutputStream$BlockDataOutputStream done
Event: 320.164 Loading class java/io/DataOutputStream
Event: 320.164 Loading class java/io/DataOutputStream done
Event: 320.164 Loading class java/io/ObjectOutputStream$HandleTable
Event: 320.164 Loading class java/io/ObjectOutputStream$HandleTable done
Event: 320.164 Loading class java/io/ObjectOutputStream$ReplaceTable
Event: 320.164 Loading class java/io/ObjectOutputStream$ReplaceTable done
Event: 320.166 Loading class java/io/FileOutputStream$1
Event: 320.166 Loading class java/io/FileOutputStream$1 done
Event: 320.232 Loading class java/lang/ref/Finalizer$1
Event: 320.232 Loading class java/lang/ref/Finalizer$1 done
Event: 320.741 Loading class java/time/DurationEditor
Event: 320.741 Loading class java/time/DurationEditor done

Classes unloaded (20 events):
Event: 320.185 Thread 0x00000212438b9d00 Unloading class 0x00000000843e5000 'java/lang/invoke/LambdaForm$BMH+0x00000000843e5000'
Event: 320.185 Thread 0x00000212438b9d00 Unloading class 0x00000000843d9000 'java/lang/invoke/LambdaForm$MH+0x00000000843d9000'
Event: 320.185 Thread 0x00000212438b9d00 Unloading class 0x00000000843d8c00 'java/lang/invoke/LambdaForm$MH+0x00000000843d8c00'
Event: 320.185 Thread 0x00000212438b9d00 Unloading class 0x00000000843d8000 'java/lang/invoke/LambdaForm$MH+0x00000000843d8000'
Event: 320.185 Thread 0x00000212438b9d00 Unloading class 0x00000000843c4400 'java/lang/invoke/LambdaForm$MH+0x00000000843c4400'
Event: 320.185 Thread 0x00000212438b9d00 Unloading class 0x00000000843a0000 'java/lang/invoke/LambdaForm$DMH+0x00000000843a0000'
Event: 320.185 Thread 0x00000212438b9d00 Unloading class 0x0000000084394400 'java/lang/invoke/LambdaForm$DMH+0x0000000084394400'
Event: 320.185 Thread 0x00000212438b9d00 Unloading class 0x0000000084218800 'java/lang/invoke/LambdaForm$MH+0x0000000084218800'
Event: 320.185 Thread 0x00000212438b9d00 Unloading class 0x00000000841f0400 'java/lang/invoke/LambdaForm$DMH+0x00000000841f0400'
Event: 320.185 Thread 0x00000212438b9d00 Unloading class 0x000000008411cc00 'java/lang/invoke/LambdaForm$MH+0x000000008411cc00'
Event: 320.185 Thread 0x00000212438b9d00 Unloading class 0x000000008411c800 'java/lang/invoke/LambdaForm$MH+0x000000008411c800'
Event: 320.185 Thread 0x00000212438b9d00 Unloading class 0x0000000084105400 'java/lang/invoke/LambdaForm$MH+0x0000000084105400'
Event: 320.185 Thread 0x00000212438b9d00 Unloading class 0x0000000084105000 'java/lang/invoke/LambdaForm$MH+0x0000000084105000'
Event: 320.185 Thread 0x00000212438b9d00 Unloading class 0x00000000840d0000 'java/lang/invoke/LambdaForm$DMH+0x00000000840d0000'
Event: 320.185 Thread 0x00000212438b9d00 Unloading class 0x00000000840a5c00 'java/lang/invoke/LambdaForm$MH+0x00000000840a5c00'
Event: 320.185 Thread 0x00000212438b9d00 Unloading class 0x00000000840a5800 'java/lang/invoke/LambdaForm$MH+0x00000000840a5800'
Event: 320.185 Thread 0x00000212438b9d00 Unloading class 0x00000000840a5400 'java/lang/invoke/LambdaForm$MH+0x00000000840a5400'
Event: 320.185 Thread 0x00000212438b9d00 Unloading class 0x0000000084098800 'java/lang/invoke/LambdaForm$MH+0x0000000084098800'
Event: 320.185 Thread 0x00000212438b9d00 Unloading class 0x0000000084069000 'java/lang/invoke/LambdaForm$BMH+0x0000000084069000'
Event: 320.627 Thread 0x00000212438b9d00 Unloading class 0x0000000084ab8000 'java/lang/invoke/LambdaForm$MH+0x0000000084ab8000'

Classes redefined (0 events):
No events

Internal exceptions (20 events):
Event: 320.128 Thread 0x000002124a50d160 Exception <a 'java/lang/NoSuchMethodError'{0x00000000e45adfd0}: 'void java.lang.invoke.DirectMethodHandle$Holder.invokeSpecial(java.lang.Object, java.lang.Object, int, long)'> (0x00000000e45adfd0) 
thrown [s\open\src\hotspot\share\interpreter\linkResolver.cpp, line 804]
Event: 320.128 Thread 0x000002124a50d160 Exception <a 'java/lang/NoSuchMethodError'{0x00000000e45bd638}: 'java.lang.Object java.lang.invoke.DirectMethodHandle$Holder.newInvokeSpecial(java.lang.Object, java.lang.Object, int, long)'> (0x00000000e45bd638) 
thrown [s\open\src\hotspot\share\interpreter\linkResolver.cpp, line 804]
Event: 320.128 Thread 0x000002124a50d160 Exception <a 'java/lang/NoSuchMethodError'{0x00000000e45c6148}: 'java.lang.Object java.lang.invoke.DirectMethodHandle$Holder.invokeSpecial(java.lang.Object, java.lang.Object, java.lang.Object, int, long)'> (0x00000000e45c6148) 
thrown [s\open\src\hotspot\share\interpreter\linkResolver.cpp, line 804]
Event: 320.168 Thread 0x0000021249c1df00 Exception <a 'java/lang/InterruptedException'{0x00000000fffebd08}: sleep interrupted> (0x00000000fffebd08) 
thrown [s\open\src\hotspot\share\prims\jvm.cpp, line 2904]
Event: 320.243 Thread 0x000002124a50c1c0 Exception <a 'sun/nio/fs/WindowsException'{0x00000000e7507168}> (0x00000000e7507168) 
thrown [s\open\src\hotspot\share\prims\jni.cpp, line 516]
Event: 320.709 Thread 0x000002124a50c1c0 Exception <a 'java/lang/NoSuchMethodError'{0x00000000e4fc2580}: 'void java.lang.invoke.DelegatingMethodHandle$Holder.reinvoke_L(java.lang.Object, java.lang.Object, int)'> (0x00000000e4fc2580) 
thrown [s\open\src\hotspot\share\interpreter\linkResolver.cpp, line 804]
Event: 320.773 Thread 0x000002124a50c1c0 Exception <a 'java/io/FileNotFoundException'{0x00000000e4618c80}> (0x00000000e4618c80) 
thrown [s\open\src\hotspot\share\prims\jni.cpp, line 516]
Event: 320.787 Thread 0x000002124a50c1c0 Exception <a 'java/io/IOException'{0x00000000e4555460}> (0x00000000e4555460) 
thrown [s\open\src\hotspot\share\prims\jni.cpp, line 516]
Event: 320.787 Thread 0x000002124a50c1c0 Exception <a 'java/io/IOException'{0x00000000e4555b90}> (0x00000000e4555b90) 
thrown [s\open\src\hotspot\share\prims\jni.cpp, line 516]
Event: 320.788 Thread 0x000002124a50c1c0 Exception <a 'java/io/IOException'{0x00000000e45562a0}> (0x00000000e45562a0) 
thrown [s\open\src\hotspot\share\prims\jni.cpp, line 516]
Event: 320.790 Thread 0x000002124a50c1c0 Exception <a 'java/io/IOException'{0x00000000e456a1d0}> (0x00000000e456a1d0) 
thrown [s\open\src\hotspot\share\prims\jni.cpp, line 516]
Event: 320.790 Thread 0x000002124a50c1c0 Exception <a 'java/io/IOException'{0x00000000e456ac48}> (0x00000000e456ac48) 
thrown [s\open\src\hotspot\share\prims\jni.cpp, line 516]
Event: 320.791 Thread 0x000002124a50c1c0 Exception <a 'java/io/IOException'{0x00000000e456b720}> (0x00000000e456b720) 
thrown [s\open\src\hotspot\share\prims\jni.cpp, line 516]
Event: 320.886 Thread 0x000002124a50c1c0 Exception <a 'sun/nio/fs/WindowsException'{0x00000000e3c1fb80}> (0x00000000e3c1fb80) 
thrown [s\open\src\hotspot\share\prims\jni.cpp, line 516]
Event: 320.886 Thread 0x000002124a50c1c0 Exception <a 'sun/nio/fs/WindowsException'{0x00000000e3c21a90}> (0x00000000e3c21a90) 
thrown [s\open\src\hotspot\share\prims\jni.cpp, line 516]
Event: 320.886 Thread 0x000002124a50c1c0 Exception <a 'sun/nio/fs/WindowsException'{0x00000000e3c22688}> (0x00000000e3c22688) 
thrown [s\open\src\hotspot\share\prims\jni.cpp, line 516]
Event: 321.614 Thread 0x000002124a50c1c0 Exception <a 'java/lang/NoSuchMethodError'{0x00000000e61f68b8}: 'java.lang.Object java.lang.invoke.DelegatingMethodHandle$Holder.reinvoke_L(java.lang.Object, java.lang.Object, java.lang.Object, java.lang.Object, java.lang.Object, java.lang.Object, java.lang.Object, java.lang.Object, java.lang.Object, java.lang.Object, java.lang.Object, java.lang.Object, java.lang.Object, java.lang.Object)'> (0x00000000e61f68b8) 
thrown [s\open\src\hotspot\share\interpreter\linkResolver.cpp, line 804]
Event: 321.748 Thread 0x000002124a50c1c0 Exception <a 'java/io/IOException'{0x00000000e4a18780}> (0x00000000e4a18780) 
thrown [s\open\src\hotspot\share\prims\jni.cpp, line 516]
Event: 321.884 Thread 0x000002124a50c1c0 Exception <a 'java/lang/NoSuchMethodError'{0x00000000e5417510}: 'long java.lang.invoke.DelegatingMethodHandle$Holder.reinvoke_L(java.lang.Object, java.lang.Object)'> (0x00000000e5417510) 
thrown [s\open\src\hotspot\share\interpreter\linkResolver.cpp, line 804]
Event: 329.645 Thread 0x000002124a510810 Exception <a 'java/lang/InterruptedException'{0x00000000e5000040}: sleep interrupted> (0x00000000e5000040) 
thrown [s\open\src\hotspot\share\prims\jvm.cpp, line 2904]

VM Operations (20 events):
Event: 320.595 Executing safepoint VM operation: G1CollectForAllocation (G1 Evacuation Pause) done
Event: 320.627 Executing safepoint VM operation: G1PauseRemark
Event: 320.634 Executing safepoint VM operation: G1PauseRemark done
Event: 320.645 Executing safepoint VM operation: G1PauseCleanup
Event: 320.645 Executing safepoint VM operation: G1PauseCleanup done
Event: 320.928 Executing safepoint VM operation: G1CollectForAllocation (G1 Evacuation Pause)
Event: 320.933 Executing safepoint VM operation: G1CollectForAllocation (G1 Evacuation Pause) done
Event: 321.142 Executing safepoint VM operation: G1CollectForAllocation (G1 Evacuation Pause)
Event: 321.146 Executing safepoint VM operation: G1CollectForAllocation (G1 Evacuation Pause) done
Event: 321.365 Executing safepoint VM operation: G1CollectForAllocation (G1 Evacuation Pause)
Event: 321.369 Executing safepoint VM operation: G1CollectForAllocation (G1 Evacuation Pause) done
Event: 321.412 Executing safepoint VM operation: G1PauseRemark
Event: 321.417 Executing safepoint VM operation: G1PauseRemark done
Event: 321.431 Executing safepoint VM operation: G1PauseCleanup
Event: 321.431 Executing safepoint VM operation: G1PauseCleanup done
Event: 321.590 Executing safepoint VM operation: G1CollectForAllocation (G1 Evacuation Pause)
Event: 321.595 Executing safepoint VM operation: G1CollectForAllocation (G1 Evacuation Pause) done
Event: 321.792 Executing safepoint VM operation: G1CollectForAllocation (G1 Evacuation Pause)
Event: 321.795 Executing safepoint VM operation: G1CollectForAllocation (G1 Evacuation Pause) done
Event: 329.646 Executing safepoint VM operation: G1CollectFull (System.gc())

Memory protections (0 events):
No events

Nmethod flushes (20 events):
Event: 321.416 Thread 0x00000212438b9d00 flushing  nmethod 0x000002123e3cfc88
Event: 321.416 Thread 0x00000212438b9d00 flushing  nmethod 0x000002123e3d0008
Event: 321.416 Thread 0x00000212438b9d00 flushing  nmethod 0x000002123e3d0408
Event: 321.416 Thread 0x00000212438b9d00 flushing  nmethod 0x000002123e3d0a08
Event: 321.416 Thread 0x00000212438b9d00 flushing  nmethod 0x000002123e3d1388
Event: 321.416 Thread 0x00000212438b9d00 flushing  nmethod 0x000002123e3d1688
Event: 321.416 Thread 0x00000212438b9d00 flushing  nmethod 0x000002123e3d1988
Event: 321.416 Thread 0x00000212438b9d00 flushing  nmethod 0x000002123e3d1c88
Event: 321.416 Thread 0x00000212438b9d00 flushing  nmethod 0x000002123e3d3188
Event: 321.416 Thread 0x00000212438b9d00 flushing  nmethod 0x000002123e3d3508
Event: 321.416 Thread 0x00000212438b9d00 flushing  nmethod 0x000002123e3e5788
Event: 321.416 Thread 0x00000212438b9d00 flushing  nmethod 0x000002123e3e5a88
Event: 321.416 Thread 0x00000212438b9d00 flushing  nmethod 0x000002123e3e6f08
Event: 321.416 Thread 0x00000212438b9d00 flushing  nmethod 0x000002123e3e8088
Event: 321.416 Thread 0x00000212438b9d00 flushing  nmethod 0x000002123e407708
Event: 321.416 Thread 0x00000212438b9d00 flushing  nmethod 0x000002123e408a88
Event: 321.416 Thread 0x00000212438b9d00 flushing  nmethod 0x000002123e408d88
Event: 321.416 Thread 0x00000212438b9d00 flushing  nmethod 0x000002123e409e08
Event: 321.416 Thread 0x00000212438b9d00 flushing  nmethod 0x000002123e40a108
Event: 321.416 Thread 0x00000212438b9d00 flushing  nmethod 0x000002123e40a708

Events (20 events):
Event: 329.608 Thread 0x000002124f9e6630 Thread exited: 0x000002124f9e6630
Event: 329.608 Thread 0x0000021248aa7ce0 Thread exited: 0x0000021248aa7ce0
Event: 329.609 Thread 0x0000021248aac330 Thread exited: 0x0000021248aac330
Event: 329.609 Thread 0x0000021248aa8c80 Thread exited: 0x0000021248aa8c80
Event: 329.609 Thread 0x0000021248aad2d0 Thread exited: 0x0000021248aad2d0
Event: 329.609 Thread 0x0000021248aacb00 Thread exited: 0x0000021248aacb00
Event: 329.609 Thread 0x0000021248aadaa0 Thread exited: 0x0000021248aadaa0
Event: 329.609 Thread 0x00000212438d4160 Thread exited: 0x00000212438d4160
Event: 329.609 Thread 0x0000021248aa84b0 Thread exited: 0x0000021248aa84b0
Event: 329.613 Thread 0x000002124f9f24c0 Thread added: 0x000002124f9ede70
Event: 329.613 Thread 0x000002124f1cb740 Thread exited: 0x000002124f1cb740
Event: 329.614 Thread 0x000002124f1c8860 Thread exited: 0x000002124f1c8860
Event: 329.614 Thread 0x000002124f1c9800 Thread exited: 0x000002124f1c9800
Event: 329.614 Thread 0x000002124f1cedf0 Thread exited: 0x000002124f1cedf0
Event: 329.625 Thread 0x0000021234fb6f30 Thread added: 0x0000021248fdfbc0
Event: 329.625 Thread 0x0000021234fb6f30 Thread added: 0x0000021248fe3430
Event: 329.638 Thread 0x000002124f9ede70 Thread exited: 0x000002124f9ede70
Event: 329.645 Thread 0x000002124a510810 Thread exited: 0x000002124a510810
Event: 329.645 Thread 0x000002124a50f0a0 Thread exited: 0x000002124a50f0a0
Event: 329.645 Thread 0x000002124a50b220 Thread exited: 0x000002124a50b220


Dynamic libraries:
0x00007ff78b160000 - 0x00007ff78b170000 	C:\Program Files\Java\jdk-25.0.2\bin\java.exe
0x00007ffdfb5c0000 - 0x00007ffdfb827000 	C:\WINDOWS\SYSTEM32\ntdll.dll
0x00007ffdfa2a0000 - 0x00007ffdfa369000 	C:\WINDOWS\System32\KERNEL32.DLL
0x00007ffdf7f80000 - 0x00007ffdf8371000 	C:\WINDOWS\System32\KERNELBASE.dll
0x00007ffdf8ff0000 - 0x00007ffdf913b000 	C:\WINDOWS\System32\ucrtbase.dll
0x00007ffdcb7b0000 - 0x00007ffdcb7c7000 	C:\Program Files\Java\jdk-25.0.2\bin\jli.dll
0x00007ffdd6180000 - 0x00007ffdd619e000 	C:\Program Files\Java\jdk-25.0.2\bin\VCRUNTIME140.dll
0x00007ffdfa620000 - 0x00007ffdfa7e5000 	C:\WINDOWS\System32\USER32.dll
0x00007ffdf7ea0000 - 0x00007ffdf7ec7000 	C:\WINDOWS\System32\win32u.dll
0x00007ffddfc70000 - 0x00007ffddff03000 	C:\WINDOWS\WinSxS\amd64_microsoft.windows.common-controls_6595b64144ccf1df_6.0.26100.8037_none_3e092faae333b53b\COMCTL32.dll
0x00007ffdfa1a0000 - 0x00007ffdfa1cb000 	C:\WINDOWS\System32\GDI32.dll
0x00007ffdfa1f0000 - 0x00007ffdfa299000 	C:\WINDOWS\System32\msvcrt.dll
0x00007ffdf8e30000 - 0x00007ffdf8f5b000 	C:\WINDOWS\System32\gdi32full.dll
0x00007ffdf7ed0000 - 0x00007ffdf7f73000 	C:\WINDOWS\System32\msvcp_win.dll
0x00007ffdf93b0000 - 0x00007ffdf93e1000 	C:\WINDOWS\System32\IMM32.DLL
0x00007ffdf1c30000 - 0x00007ffdf1c3c000 	C:\Program Files\Java\jdk-25.0.2\bin\vcruntime140_1.dll
0x00007ffdb7400000 - 0x00007ffdb748d000 	C:\Program Files\Java\jdk-25.0.2\bin\msvcp140.dll
0x00007ffd90100000 - 0x00007ffd90f5f000 	C:\Program Files\Java\jdk-25.0.2\bin\server\jvm.dll
0x00007ffdfa370000 - 0x00007ffdfa42b000 	C:\WINDOWS\System32\ADVAPI32.dll
0x00007ffdfa010000 - 0x00007ffdfa0b7000 	C:\WINDOWS\System32\sechost.dll
0x00007ffdf95e0000 - 0x00007ffdf96f8000 	C:\WINDOWS\System32\RPCRT4.dll
0x00007ffdf9560000 - 0x00007ffdf95d4000 	C:\WINDOWS\System32\WS2_32.dll
0x00007ffdf7d00000 - 0x00007ffdf7d5e000 	C:\WINDOWS\SYSTEM32\POWRPROF.dll
0x00007ffdf01c0000 - 0x00007ffdf01f5000 	C:\WINDOWS\SYSTEM32\WINMM.dll
0x00007ffdf1460000 - 0x00007ffdf146b000 	C:\WINDOWS\SYSTEM32\VERSION.dll
0x00007ffdf7ce0000 - 0x00007ffdf7cf4000 	C:\WINDOWS\SYSTEM32\UMPDC.dll
0x00007ffdf6c30000 - 0x00007ffdf6c4b000 	C:\WINDOWS\SYSTEM32\kernel.appcore.dll
0x00007ffde2940000 - 0x00007ffde294a000 	C:\Program Files\Java\jdk-25.0.2\bin\jimage.dll
0x00007ffdecff0000 - 0x00007ffded232000 	C:\WINDOWS\SYSTEM32\DBGHELP.DLL
0x00007ffdf9a60000 - 0x00007ffdf9de2000 	C:\WINDOWS\System32\combase.dll
0x00007ffdfa0c0000 - 0x00007ffdfa197000 	C:\WINDOWS\System32\OLEAUT32.dll
0x00007ffde0140000 - 0x00007ffde017b000 	C:\WINDOWS\SYSTEM32\dbgcore.DLL
0x00007ffdf92b0000 - 0x00007ffdf9355000 	C:\WINDOWS\System32\bcryptPrimitives.dll
0x00007ffdcacd0000 - 0x00007ffdcacef000 	C:\Program Files\Java\jdk-25.0.2\bin\java.dll
0x00007ffdf9e70000 - 0x00007ffdfa005000 	C:\WINDOWS\System32\ole32.dll
0x00007ffdfa870000 - 0x00007ffdfafcf000 	C:\WINDOWS\System32\SHELL32.dll
0x00007ffdf9140000 - 0x00007ffdf92aa000 	C:\WINDOWS\System32\wintypes.dll
0x00007ffdf8380000 - 0x00007ffdf8be4000 	C:\WINDOWS\System32\windows.storage.dll
0x00007ffdfafe0000 - 0x00007ffdfb0d7000 	C:\WINDOWS\System32\SHCORE.dll
0x00007ffdfa460000 - 0x00007ffdfa4c7000 	C:\WINDOWS\System32\shlwapi.dll
0x00007ffdf7dc0000 - 0x00007ffdf7de9000 	C:\WINDOWS\SYSTEM32\profapi.dll
0x00007ffdcac30000 - 0x00007ffdcac42000 	C:\Program Files\Java\jdk-25.0.2\bin\net.dll
0x00007ffdf71a0000 - 0x00007ffdf720b000 	C:\WINDOWS\system32\mswsock.dll
0x00007ffdc7620000 - 0x00007ffdc7636000 	C:\Program Files\Java\jdk-25.0.2\bin\nio.dll
0x00007ffdc6150000 - 0x00007ffdc6167000 	C:\Program Files\Java\jdk-25.0.2\bin\zip.dll
0x00007ffde01a0000 - 0x00007ffde01aa000 	C:\Program Files\Java\jdk-25.0.2\bin\management.dll
0x00007ffdd9810000 - 0x00007ffdd981c000 	C:\Program Files\Java\jdk-25.0.2\bin\management_ext.dll
0x00007ffdf93f0000 - 0x00007ffdf93f8000 	C:\WINDOWS\System32\PSAPI.DLL
0x00007ffdd6170000 - 0x00007ffdd617e000 	C:\Program Files\Java\jdk-25.0.2\bin\sunmscapi.dll
0x00007ffdf8bf0000 - 0x00007ffdf8d67000 	C:\WINDOWS\System32\CRYPT32.dll
0x00007ffdf76a0000 - 0x00007ffdf76d0000 	C:\WINDOWS\SYSTEM32\ncrypt.dll
0x00007ffdf7650000 - 0x00007ffdf768f000 	C:\WINDOWS\SYSTEM32\NTASN1.dll
0x00007ffdf7490000 - 0x00007ffdf74ab000 	C:\WINDOWS\SYSTEM32\CRYPTSP.dll
0x00007ffdf6b90000 - 0x00007ffdf6bc9000 	C:\WINDOWS\system32\rsaenh.dll
0x00007ffdf7250000 - 0x00007ffdf7282000 	C:\WINDOWS\SYSTEM32\USERENV.dll
0x00007ffdf7d90000 - 0x00007ffdf7dba000 	C:\WINDOWS\SYSTEM32\bcrypt.dll
0x00007ffdf7480000 - 0x00007ffdf748c000 	C:\WINDOWS\SYSTEM32\CRYPTBASE.dll
0x00007ffdf66a0000 - 0x00007ffdf66d3000 	C:\WINDOWS\SYSTEM32\IPHLPAPI.DLL
0x00007ffdfa1e0000 - 0x00007ffdfa1ea000 	C:\WINDOWS\System32\NSI.dll
0x00007ffdcd050000 - 0x00007ffdcd059000 	C:\Program Files\Java\jdk-25.0.2\bin\extnet.dll
0x00007ffdcc2c0000 - 0x00007ffdcc2c8000 	C:\WINDOWS\system32\wshunix.dll

JVMTI agents: none

dbghelp: loaded successfully - version: 4.0.5 - missing functions: none
symbol engine: initialized successfully - sym options: 0x614 - pdb path: .;C:\Program Files\Java\jdk-25.0.2\bin;C:\WINDOWS\SYSTEM32;C:\WINDOWS\WinSxS\amd64_microsoft.windows.common-controls_6595b64144ccf1df_6.0.26100.8037_none_3e092faae333b53b;C:\Program Files\Java\jdk-25.0.2\bin\server

VM Arguments:
jvm_args: -XX:TieredStopAtLevel=1 -Xmx512m 
java_command: com.lms.lms.LmsApplication
java_class_path (initial): C:\Users\Killer\Documents\Github\Learning-Management-System\target\classes;C:\Users\Killer\.m2\repository\org\springframework\boot\spring-boot-h2console\4.0.3\spring-boot-h2console-4.0.3.jar;C:\Users\Killer\.m2\repository\org\springframework\boot\spring-boot\4.0.3\spring-boot-4.0.3.jar;C:\Users\Killer\.m2\repository\org\springframework\spring-context\7.0.5\spring-context-7.0.5.jar;C:\Users\Killer\.m2\repository\org\springframework\spring-expression\7.0.5\spring-expression-7.0.5.jar;C:\Users\Killer\.m2\repository\io\micrometer\micrometer-observation\1.16.3\micrometer-observation-1.16.3.jar;C:\Users\Killer\.m2\repository\jakarta\servlet\jakarta.servlet-api\6.1.0\jakarta.servlet-api-6.1.0.jar;C:\Users\Killer\.m2\repository\ch\qos\logback\logback-classic\1.5.32\logback-classic-1.5.32.jar;C:\Users\Killer\.m2\repository\ch\qos\logback\logback-core\1.5.32\logback-core-1.5.32.jar;C:\Users\Killer\.m2\repository\org\apache\logging\log4j\log4j-to-slf4j\2.25.3\log4j-to-slf4j-2.25.3.jar;C:\Users\Killer\.m2\repository\org\apache\logging\log4j\log4j-api\2.25.3\log4j-api-2.25.3.jar;C:\Users\Killer\.m2\repository\org\slf4j\jul-to-slf4j\2.0.17\jul-to-slf4j-2.0.17.jar;C:\Users\Killer\.m2\repository\jakarta\annotation\jakarta.annotation-api\3.0.0\jakarta.annotation-api-3.0.0.jar;C:\Users\Killer\.m2\repository\org\yaml\snakeyaml\2.5\snakeyaml-2.5.jar;C:\Users\Killer\.m2\repository\com\zaxxer\HikariCP\7.0.2\HikariCP-7.0.2.jar;C:\Users\Killer\.m2\repository\org\springframework\boot\spring-boot-data-jpa\4.0.3\spring-boot-data-jpa-4.0.3.jar;C:\Users\Killer\.m2\repository\org\springframework\boot\spring-boot-data-commons\4.0.3\spring-boot-data-commons-4.0.3.jar;C:\Users\Killer\.m2\repository\org\springframework\boot\spring-boot-persistence\4.0.3\spring-boot-persistence-4.0.3.jar;C:\Users\Killer\.m2\repository\org\springframework\data\spring-data-commons\4.0.3\spring-data-commons-4.0.3.jar;C:\Users\Killer\.m2\repository\org\springframework\boot\spring-boot-hibernate\4.0.3\spring-boot-hibernate-4.0.3.jar;C:\Users\Killer\.m2\repository\org\springframework\boot\spring-boot-jpa\4.0.3\spring-boot-jpa-4.0.3.jar;C:\Users\Killer\.m2\repository\jakarta\persistence\jakarta.persistence-api\3.2.0\jakarta.persistence-api-3.2.0.jar;C:\Users\Killer\.m2\repository\org\hibernate\orm\hibernate-core\7.2.4.Final\hibernate-core-7.2.4.Final.jar;C:\Users\Killer\.m2\repository\jakarta\transaction\jakarta.transaction-api\2.0.1\jakarta.transaction-api-2.0.1.jar;C:\Users\Killer\.m2\repository\org\hibernate\models\hibernate-models\1.0.1\hibernate-models-1.0.1.jar;C:\Users\Killer\.m2\repository\jakarta\inject\jakarta.inject-api\2.0.1\jakarta.inject-api-2.0.1.jar;C:\Users\Killer\.m2\repository\org\springframework\spring-orm\7.0.5\spring-orm-7.0.5.jar;C:\Users\Killer\.m2\repository\org\springframework\data\spring-data-jpa\4.0.3\spring-data-jpa-4.0.3.jar;C:\Users\Killer\.m2\repository\org\springframework\spring-tx\7.0.5\spring-tx-7.0.5.jar;C:\Users\Killer\.m2\repository\org\antlr\antlr4-runtime\4.13.2\antlr4-runtime-4.13.2.jar;C:\Users\Killer\.m2\repository\org\springframework\spring-aspects\7.0.5\spring-aspects-7.0.5.jar;C:\Users\Killer\.m2\repository\org\aspectj\aspectjweaver\1.9.25.1\aspectjweaver-1.9.25.1.jar;C:\Users\Killer\.m2\repository\org\springframework\boot\spring-boot-jdbc\4.0.3\spring-boot-jdbc-4.0.3.jar;C:\Users\Killer\.m2\repository\org\springframework\boot\spring-boot-sql\4.0.3\spring-boot-sql-4.0.3.jar;C:\Users\Killer\.m2\repository\org\springframework\boot\spring-boot-transaction\4.0.3\spring-boot-transaction-4.0.3.jar;C:\Users\Killer\.m2\repository\org\springframework\spring-jdbc\7.0.5\spring-jdbc-7.0.5.jar;C:\Users\Killer\.m2\repository\org\springframework\boot\spring-boot-security\4.0.3\spring-boot-security-4.0.3.jar;C:\Users\Killer\.m2\repository\org\springframework\security\spring-security-config\7.0.3\spring-security-config-7.0.3.jar;C:\Users\Killer\.m2\repository\org\springframework\security\spring-security-core\7.0.3\spring-security-core-7.0.3.jar;C:\Users\Killer\.m2\repository\org\springframework\security\spring-security-crypto\7.0.3\spring-security-crypto-7.0.3.jar;C:\Users\Killer\.m2\repository\org\springframework\security\spring-security-web\7.0.3\spring-security-web-7.0.3.jar;C:\Users\Killer\.m2\repository\org\springframework\spring-aop\7.0.5\spring-aop-7.0.5.jar;C:\Users\Killer\.m2\repository\org\springframework\spring-beans\7.0.5\spring-beans-7.0.5.jar;C:\Users\Killer\.m2\repository\org\springframework\boot\spring-boot-thymeleaf\4.0.3\spring-boot-thymeleaf-4.0.3.jar;C:\Users\Killer\.m2\repository\org\springframework\spring-web\7.0.5\spring-web-7.0.5.jar;C:\Users\Killer\.m2\repository\org\springframework\boot\spring-boot-jackson\4.0.3\spring-boot-jackson-4.0.3.jar;C:\Users\Killer\.m2\repository\tools\jackson\core\jackson-databind\3.0.4\jackson-databind-3.0.4.jar;C:\Users\Killer\.m2\repository\tools\jackson\core\jackson-core\3.0.4\jackson-core-3.0.4.jar;C:\Users\Killer\.m2\repository\org\apache\tomcat\embed\tomcat-embed-core\11.0.18\tomcat-embed-core-11.0.18.jar;C:\Users\Killer\.m2\repository\org\apache\tomcat\embed\tomcat-embed-websocket\11.0.18\tomcat-embed-websocket-11.0.18.jar;C:\Users\Killer\.m2\repository\org\springframework\boot\spring-boot-tomcat\4.0.3\spring-boot-tomcat-4.0.3.jar;C:\Users\Killer\.m2\repository\org\springframework\boot\spring-boot-http-converter\4.0.3\spring-boot-http-converter-4.0.3.jar;C:\Users\Killer\.m2\repository\org\springframework\boot\spring-boot-webmvc\4.0.3\spring-boot-webmvc-4.0.3.jar;C:\Users\Killer\.m2\repository\org\springframework\boot\spring-boot-servlet\4.0.3\spring-boot-servlet-4.0.3.jar;C:\Users\Killer\.m2\repository\org\springframework\spring-webmvc\7.0.5\spring-webmvc-7.0.5.jar;C:\Users\Killer\.m2\repository\org\springframework\boot\spring-boot-webservices\4.0.3\spring-boot-webservices-4.0.3.jar;C:\Users\Killer\.m2\repository\org\springframework\boot\spring-boot-http-client\4.0.3\spring-boot-http-client-4.0.3.jar;C:\Users\Killer\.m2\repository\org\springframework\spring-oxm\7.0.5\spring-oxm-7.0.5.jar;C:\Users\Killer\.m2\repository\org\springframework\ws\spring-ws-core\5.0.0\spring-ws-core-5.0.0.jar;C:\Users\Killer\.m2\repository\org\springframework\ws\spring-xml\5.0.0\spring-xml-5.0.0.jar;C:\Users\Killer\.m2\repository\org\glassfish\jaxb\jaxb-runtime\4.0.6\jaxb-runtime-4.0.6.jar;C:\Users\Killer\.m2\repository\org\glassfish\jaxb\jaxb-core\4.0.6\jaxb-core-4.0.6.jar;C:\Users\Killer\.m2\repository\org\glassfish\jaxb\txw2\4.0.6\txw2-4.0.6.jar;C:\Users\Killer\.m2\repository\com\sun\istack\istack-commons-runtime\4.1.2\istack-commons-runtime-4.1.2.jar;C:\Users\Killer\.m2\repository\com\sun\xml\messaging\saaj\saaj-impl\3.0.4\saaj-impl-3.0.4.jar;C:\Users\Killer\.m2\repository\jakarta\xml\soap\jakarta.xml.soap-api\3.0.2\jakarta.xml.soap-api-3.0.2.jar;C:\Users\Killer\.m2\repository\org\jvnet\staxex\stax-ex\2.1.0\stax-ex-2.1.0.jar;C:\Users\Killer\.m2\repository\jakarta\activation\jakarta.activation-api\2.1.4\jakarta.activation-api-2.1.4.jar;C:\Users\Killer\.m2\repository\org\eclipse\angus\angus-activation\2.0.2\angus-activation-2.0.2.jar;C:\Users\Killer\.m2\repository\jakarta\xml\ws\jakarta.xml.ws-api\4.0.2\jakarta.xml.ws-api-4.0.2.jar;C:\Users\Killer\.m2\repository\org\springframework\boot\spring-boot-validation\4.0.3\spring-boot-validation-4.0.3.jar;C:\Users\Killer\.m2\repository\org\apache\tomcat\embed\tomcat-embed-el\11.0.18\tomcat-embed-el-11.0.18.jar;C:\Users\Killer\.m2\repository\org\hibernate\validator\hibernate-validator\9.0.1.Final\hibernate-validator-9.0.1.Final.jar;C:\Users\Killer\.m2\repository\jakarta\validation\jakarta.validation-api\3.1.1\jakarta.validation-api-3.1.1.jar;C:\Users\Killer\.m2\repository\org\jboss\logging\jboss-logging\3.6.2.Final\jboss-logging-3.6.2.Final.jar;C:\Users\Killer\.m2\repository\com\fasterxml\classmate\1.7.3\classmate-1.7.3.jar;C:\Users\Killer\.m2\repository\org\springframework\boot\spring-boot-websocket\4.0.3\spring-boot-websocket-4.0.3.jar;C:\Users\Killer\.m2\repository\org\springframework\spring-messaging\7.0.5\spring-messaging-7.0.5.jar;C:\Users\Killer\.m2\repository\org\springframework\spring-websocket\7.0.5\spring-websocket-7.0.5.jar;C:\Users\Killer\.m2\repository\org\springframework\ai\spring-ai-pdf-document-reader\2.0.0-M2\spring-ai-pdf-document-reader-2.0.0-M2.jar;C:\Users\Killer\.m2\repository\org\springframework\ai\spring-ai-commons\2.0.0-M2\spring-ai-commons-2.0.0-M2.jar;C:\Users\Killer\.m2\repository\io\micrometer\micrometer-core\1.16.3\micrometer-core-1.16.3.jar;C:\Users\Killer\.m2\repository\io\micrometer\micrometer-commons\1.16.3\micrometer-commons-1.16.3.jar;C:\Users\Killer\.m2\repository\org\hdrhistogram\HdrHistogram\2.2.2\HdrHistogram-2.2.2.jar;C:\Users\Killer\.m2\repository\org\latencyutils\LatencyUtils\2.0.3\LatencyUtils-2.0.3.jar;C:\Users\Killer\.m2\repository\io\micrometer\context-propagation\1.2.1\context-propagation-1.2.1.jar;C:\Users\Killer\.m2\repository\com\fasterxml\jackson\module\jackson-module-jsonSchema\2.20.2\jackson-module-jsonSchema-2.20.2.jar;C:\Users\Killer\.m2\repository\javax\validation\validation-api\1.1.0.Final\validation-api-1.1.0.Final.jar;C:\Users\Killer\.m2\repository\com\fasterxml\jackson\core\jackson-annotations\2.20\jackson-annotations-2.20.jar;C:\Users\Killer\.m2\repository\com\fasterxml\jackson\core\jackson-core\2.20.2\jackson-core-2.20.2.jar;C:\Users\Killer\.m2\repository\com\fasterxml\jackson\core\jackson-databind\2.20.2\jackson-databind-2.20.2.jar;C:\Users\Killer\.m2\repository\com\knuddels\jtokkit\1.1.0\jtokkit-1.1.0.jar;C:\Users\Killer\.m2\repository\org\apache\pdfbox\pdfbox\3.0.5\pdfbox-3.0.5.jar;C:\Users\Killer\.m2\repository\org\apache\pdfbox\pdfbox-io\3.0.5\pdfbox-io-3.0.5.jar;C:\Users\Killer\.m2\repository\org\apache\pdfbox\fontbox\3.0.5\fontbox-3.0.5.jar;C:\Users\Killer\.m2\repository\org\thymeleaf\extras\thymeleaf-extras-springsecurity6\3.1.3.RELEASE\thymeleaf-extras-springsecurity6-3.1.3.RELEASE.jar;C:\Users\Killer\.m2\repository\org\thymeleaf\thymeleaf-spring6\3.1.3.RELEASE\thymeleaf-spring6-3.1.3.RELEASE.jar;C:\Users\Killer\.m2\repository\org\thymeleaf\thymeleaf\3.1.3.RELEASE\thymeleaf-3.1.3.RELEASE.jar;C:\Users\Killer\.m2\repository\org\attoparser\attoparser\2.0.7.RELEASE\attoparser-2.0.7.RELEASE.jar;C:\Users\Killer\.m2\repository\org\unbescape\unbescape\1.1.6.RELEASE\unbescape-1.1.6.RELEASE.jar;C:\Users\Killer\.m2\repository\org\slf4j\slf4j-api\2.0.17\slf4j-api-2.0.17.jar;C:\Users\Killer\.m2\repository\org\springframework\boot\spring-boot-devtools\4.0.3\spring-boot-devtools-4.0.3.jar;C:\Users\Killer\.m2\repository\org\springframework\boot\spring-boot-autoconfigure\4.0.3\spring-boot-autoconfigure-4.0.3.jar;C:\Users\Killer\.m2\repository\com\h2database\h2\2.4.240\h2-2.4.240.jar;C:\Users\Killer\.m2\repository\org\springframework\boot\spring-boot-web-server\4.0.3\spring-boot-web-server-4.0.3.jar;C:\Users\Killer\.m2\repository\jakarta\xml\bind\jakarta.xml.bind-api\4.0.4\jakarta.xml.bind-api-4.0.4.jar;C:\Users\Killer\.m2\repository\net\bytebuddy\byte-buddy\1.17.8\byte-buddy-1.17.8.jar;C:\Users\Killer\.m2\repository\org\springframework\spring-core\7.0.5\spring-core-7.0.5.jar;C:\Users\Killer\.m2\repository\commons-logging\commons-logging\1.3.5\commons-logging-1.3.5.jar;C:\Users\Killer\.m2\repository\org\jspecify\jspecify\1.0.0\jspecify-1.0.0.jar
Launcher Type: SUN_STANDARD

[Global flags]
     intx CICompilerCount                          = 3                                         {product} {ergonomic}
     uint ConcGCThreads                            = 2                                         {product} {ergonomic}
     uint G1ConcRefinementThreads                  = 6                                         {product} {ergonomic}
   size_t G1HeapRegionSize                         = 1048576                                   {product} {ergonomic}
   size_t InitialHeapSize                          = 123731968                                 {product} {ergonomic}
   size_t MarkStackSize                            = 4194304                                   {product} {ergonomic}
   size_t MarkStackSizeMax                         = 536870912                                 {product} {ergonomic}
   size_t MaxHeapSize                              = 536870912                                 {product} {command line}
   size_t MaxNewSize                               = 321912832                                 {product} {ergonomic}
   size_t MinHeapDeltaBytes                        = 1048576                                   {product} {ergonomic}
   size_t MinHeapSize                              = 8388608                                   {product} {ergonomic}
    uintx NonNMethodCodeHeapSize                   = 4096                                   {pd product} {ergonomic}
    uintx NonProfiledCodeHeapSize                  = 0                                      {pd product} {ergonomic}
     bool ProfileInterpreter                       = false                                  {pd product} {command line}
    uintx ProfiledCodeHeapSize                     = 0                                      {pd product} {ergonomic}
   size_t SoftMaxHeapSize                          = 536870912                              {manageable} {ergonomic}
     intx TieredStopAtLevel                        = 1                                         {product} {command line}
     bool UseCompressedOops                        = true                           {product lp64_product} {ergonomic}
     bool UseG1GC                                  = true                                      {product} {ergonomic}
     bool UseLargePagesIndividualAllocation        = false                                  {pd product} {ergonomic}

Logging:
Log output configuration:
 #0: stdout all=warning uptime,level,tags foldmultilines=false
 #1: stderr all=off uptime,level,tags foldmultilines=false

Release file:
IMPLEMENTOR="Oracle Corporation" 
JAVA_RUNTIME_VERSION="25.0.2+10-LTS-69" 
JAVA_VERSION="25.0.2" 
JAVA_VERSION_DATE="2026-01-20" 
LIBC="default" 
MODULES="java.base java.compiler java.datatransfer java.xml java.prefs java.desktop java.instrument java.logging java.management java.security.sasl java.naming java.rmi java.management.rmi java.net.http java.scripting java.security.jgss java.transaction.xa java.sql java.sql.rowset java.xml.crypto java.se java.smartcardio jdk.accessibility jdk.internal.jvmstat jdk.attach jdk.charsets jdk.internal.opt jdk.zipfs jdk.compiler jdk.crypto.cryptoki jdk.crypto.ec jdk.crypto.mscapi jdk.dynalink jdk.internal.ed jdk.editpad jdk.internal.vm.ci jdk.graal.compiler jdk.graal.compiler.management jdk.hotspot.agent jdk.httpserver jdk.incubator.vector jdk.internal.le jdk.internal.md jdk.jartool jdk.javadoc jdk.jcmd jdk.management jdk.management.agent jdk.jconsole jdk.jdeps jdk.jdwp.agent jdk.jdi jdk.jfr jdk.jlink jdk.jpackage jdk.jshell jdk.jsobject jdk.jstatd jdk.localedata jdk.management.jfr jdk.naming.dns jdk.naming.rmi jdk.net jdk.nio.mapmode jdk.sctp jdk.security.auth jdk.security.jgss jdk.unsupported jdk.unsupported.desktop jdk.xml.dom" 
OS_ARCH="x86_64" 
OS_NAME="Windows" 
SOURCE=".:git:b75efb40c93a open:git:405a5699ebd0" 

Environment Variables:
JAVA_HOME=C:\Program Files\Java\jdk-25.0.2
PATH=C:\Program Files\Common Files\Oracle\Java\javapath;C:\Program Files (x86)\VMware\VMware Workstation\bin\;C:\WINDOWS\system32;C:\WINDOWS;C:\WINDOWS\System32\Wbem;C:\WINDOWS\System32\WindowsPowerShell\v1.0\;C:\WINDOWS\System32\OpenSSH\;C:\WINDOWS\AtlasModules;C:\WINDOWS\AtlasModules\Tools;C:\WINDOWS\AtlasModules\Scripts;C:\Program Files\Java\jdk-25.0.2\bin;C:\Program Files\Apache\Maven\apache-maven-3.9.12\bin;C:\Program Files\Cloudflare\Cloudflare WARP\;C:\Users\Killer\AppData\Local\Microsoft\WindowsApps;C:\Users\Killer\AppData\Local\Programs\Antigravity\bin
USERNAME=Killer
OS=Windows_NT
PROCESSOR_IDENTIFIER=AMD64 Family 23 Model 96 Stepping 1, AuthenticAMD
TMP=C:\Users\Killer\AppData\Local\Temp
TEMP=C:\Users\Killer\AppData\Local\Temp




Compilation memory statistics disabled.

Periodic native trim disabled

---------------  S Y S T E M  ---------------

OS:
 Windows 11 , 64 bit Build 26100 (10.0.26100.7920)
OS uptime: 0 days 4:32 hours

CPU: total 6 (initial active 6) (6 cores per cpu, 1 threads per core) family 23 model 96 stepping 1 microcode 0x8600106, cx8, cmov, fxsr, mmx, 3dnowpref, sse, sse2, sse3, ssse3, sse4a, sse4.1, sse4.2, popcnt, lzcnt, tsc, tscinvbit, avx, avx2, aes, clmul, bmi1, bmi2, adx, sha, fma, vzeroupper, clflush, clflushopt, clwb, rdtscp, rdpid, f16c
Processor Information for the first 6 processors :
  Max Mhz: 2375, Current Mhz: 2375, Mhz Limit: 2375

Memory: 4k page, system-wide physical 7538M (1259M free)
TotalPageFile size 11634M (AvailPageFile size 0M)
current process WorkingSet (physical memory assigned to process): 288M, peak: 292M
current process commit charge ("private bytes"): 326M, peak: 330M

vm_info: Java HotSpot(TM) 64-Bit Server VM (25.0.2+10-LTS-69) for windows-amd64 JRE (25.0.2+10-LTS-69), built on 2025-12-18T11:36:35Z with MS VC++ 17.13 (VS2022)

END.
