#
# There is insufficient memory for the Java Runtime Environment to continue.
# Native memory allocation (mmap) failed to map 65536 bytes for Failed to commit metaspace.
# Possible reasons:
#   The system is out of physical RAM or swap space
#   The process is running with CompressedOops enabled, and the Java Heap may be blocking the growth of the native heap
# Possible solutions:
#   Reduce memory load on the system
#   Increase physical memory or swap space
#   Check if swap backing store is full
#   Decrease Java heap size (-Xmx/-Xms)
#   Decrease number of Java threads
#   Decrease Java thread stack sizes (-Xss)
#   Set larger code cache with -XX:ReservedCodeCacheSize=
#   JVM is running with Unscaled Compressed Oops mode in which the Java heap is
#     placed in the first 4GB address space. The Java Heap base address is the
#     maximum limit for the native heap growth. Please use -XX:HeapBaseMinAddress
#     to set the Java Heap base and to place the Java Heap above 4GB virtual address.
# This output file may be truncated or incomplete.
#
#  Out of Memory Error (virtualSpaceNode.cpp:110), pid=12996, tid=8788
#
# JRE version: OpenJDK Runtime Environment Temurin-17.0.4.1+1 (17.0.4.1+1) (build 17.0.4.1+1)
# Java VM: OpenJDK 64-Bit Server VM Temurin-17.0.4.1+1 (17.0.4.1+1, mixed mode, tiered, compressed oops, compressed class ptrs, parallel gc, windows-amd64)
# No core dump will be written. Minidumps are not enabled by default on client versions of Windows
#

---------------  S U M M A R Y ------------

Command Line: --add-modules=ALL-SYSTEM --add-opens=java.base/java.util=ALL-UNNAMED --add-opens=java.base/java.lang=ALL-UNNAMED --add-opens=java.base/sun.nio.fs=ALL-UNNAMED -Declipse.application=org.eclipse.jdt.ls.core.id1 -Dosgi.bundles.defaultStartLevel=4 -Declipse.product=org.eclipse.jdt.ls.core.product -Djava.import.generatesMetadataFilesAtProjectRoot=false -Dfile.encoding=utf8 -XX:+UseParallelGC -XX:GCTimeRatio=4 -XX:AdaptiveSizePolicyWeight=90 -Dsun.zip.disableMemoryMapping=true -Xmx1G -Xms100m -Xlog:disable -javaagent:c:\Users\Killer\.antigravity\extensions\redhat.java-1.12.0-win32-x64\lombok\lombok-1.18.24.jar c:\Users\Killer\.antigravity\extensions\redhat.java-1.12.0-win32-x64\server\plugins\org.eclipse.equinox.launcher_1.6.400.v20210924-0641.jar -configuration c:\Users\Killer\AppData\Roaming\Antigravity\User\globalStorage\redhat.java\1.12.0\config_ss_win -data c:\Users\Killer\AppData\Roaming\Antigravity\User\workspaceStorage\2a93205c3141255e5a1ec29dcac7ad2b\redhat.java\ss_ws

Host: AMD Ryzen 5 4500U with Radeon Graphics         , 6 cores, 7G,  Windows 11 , 64 bit Build 26100 (10.0.26100.7705)
Time: Wed Mar 11 01:23:59 2026 Sri Lanka Standard Time elapsed time: 1.297681 seconds (0d 0h 0m 1s)

---------------  T H R E A D  ---------------

Current thread (0x000001957c86e980):  JavaThread "Start Level: Equinox Container: 24277784-2088-4ce2-8b9e-d3a885a2462c" daemon [_thread_in_vm, id=8788, stack(0x0000007976e00000,0x0000007976f00000)]

Stack: [0x0000007976e00000,0x0000007976f00000]
Native frames: (J=compiled Java code, j=interpreted, Vv=VM code, C=native code)
V  [jvm.dll+0x67731a]
V  [jvm.dll+0x832284]
V  [jvm.dll+0x833a2e]
V  [jvm.dll+0x834093]
V  [jvm.dll+0x245775]
V  [jvm.dll+0x82e22b]
V  [jvm.dll+0x61bdf6]
V  [jvm.dll+0x1c07be]
V  [jvm.dll+0x61e741]
V  [jvm.dll+0x61c796]
V  [jvm.dll+0x239e0f]
V  [jvm.dll+0x6265a5]
V  [jvm.dll+0x1ea5db]
V  [jvm.dll+0x1eab15]
V  [jvm.dll+0x1eb54f]
V  [jvm.dll+0x1e09f1]
V  [jvm.dll+0x53c910]
V  [jvm.dll+0x1f11e7]
V  [jvm.dll+0x7ac56b]
V  [jvm.dll+0x7ad912]
V  [jvm.dll+0x7adc48]
V  [jvm.dll+0x23db7e]
V  [jvm.dll+0x37f29e]
C  0x0000019567ffaf2e

Java frames: (J=compiled Java code, j=interpreted, Vv=VM code)
j  sun.util.locale.provider.NumberFormatProviderImpl.getInstance(Ljava/util/Locale;I)Ljava/text/NumberFormat;+107 java.base@17.0.4.1
j  sun.util.locale.provider.NumberFormatProviderImpl.getIntegerInstance(Ljava/util/Locale;)Ljava/text/NumberFormat;+3 java.base@17.0.4.1
j  java.text.NumberFormat.getInstance(Lsun/util/locale/provider/LocaleProviderAdapter;Ljava/util/Locale;Ljava/text/NumberFormat$Style;I)Ljava/text/NumberFormat;+74 java.base@17.0.4.1
j  java.text.NumberFormat.getInstance(Ljava/util/Locale;Ljava/text/NumberFormat$Style;I)Ljava/text/NumberFormat;+11 java.base@17.0.4.1
j  java.text.NumberFormat.getIntegerInstance(Ljava/util/Locale;)Ljava/text/NumberFormat;+3 java.base@17.0.4.1
j  java.text.SimpleDateFormat.initialize(Ljava/util/Locale;)V+37 java.base@17.0.4.1
j  java.text.SimpleDateFormat.<init>(Ljava/lang/String;Ljava/util/Locale;)V+66 java.base@17.0.4.1
j  java.text.SimpleDateFormat.<init>(Ljava/lang/String;)V+8 java.base@17.0.4.1
j  org.eclipse.osgi.internal.debug.EclipseDebugTrace.<clinit>()V+6
v  ~StubRoutines::call_stub
j  org.eclipse.osgi.internal.debug.FrameworkDebugOptions.newDebugTrace(Ljava/lang/String;Ljava/lang/Class;)Lorg/eclipse/osgi/service/debug/DebugTrace;+28
j  org.eclipse.osgi.internal.debug.FrameworkDebugOptions.newDebugTrace(Ljava/lang/String;)Lorg/eclipse/osgi/service/debug/DebugTrace;+3
j  org.eclipse.core.internal.utils.Policy$1.optionsChanged(Lorg/eclipse/osgi/service/debug/DebugOptions;)V+3
j  org.eclipse.osgi.internal.debug.FrameworkDebugOptions.addingService(Lorg/osgi/framework/ServiceReference;)Lorg/eclipse/osgi/service/debug/DebugOptionsListener;+16
j  org.eclipse.osgi.internal.debug.FrameworkDebugOptions.addingService(Lorg/osgi/framework/ServiceReference;)Ljava/lang/Object;+5
j  org.osgi.util.tracker.ServiceTracker$Tracked.customizerAdding(Lorg/osgi/framework/ServiceReference;Lorg/osgi/framework/ServiceEvent;)Ljava/lang/Object;+8
j  org.osgi.util.tracker.ServiceTracker$Tracked.customizerAdding(Ljava/lang/Object;Ljava/lang/Object;)Ljava/lang/Object;+9
j  org.osgi.util.tracker.AbstractTracked.trackAdding(Ljava/lang/Object;Ljava/lang/Object;)V+8
j  org.osgi.util.tracker.AbstractTracked.track(Ljava/lang/Object;Ljava/lang/Object;)V+83
j  org.osgi.util.tracker.ServiceTracker$Tracked.serviceChanged(Lorg/osgi/framework/ServiceEvent;)V+67
J 1470 c1 org.eclipse.osgi.internal.serviceregistry.FilteredServiceListener.serviceChanged(Lorg/osgi/framework/ServiceEvent;)V (284 bytes) @ 0x000001956882a034 [0x0000019568827d60+0x00000000000022d4]
J 1459 c1 org.eclipse.osgi.internal.framework.BundleContextImpl.dispatchEvent(Ljava/lang/Object;Ljava/lang/Object;ILjava/lang/Object;)V (558 bytes) @ 0x000001956881bff4 [0x0000019568818f20+0x00000000000030d4]
J 1768 c1 org.eclipse.osgi.framework.eventmgr.EventManager.dispatchEvent(Ljava/util/Set;Lorg/eclipse/osgi/framework/eventmgr/EventDispatcher;ILjava/lang/Object;)V (69 bytes) @ 0x00000195688b9974 [0x00000195688b94a0+0x00000000000004d4]
j  org.eclipse.osgi.framework.eventmgr.ListenerQueue.dispatchEventSynchronous(ILjava/lang/Object;)V+67
j  org.eclipse.osgi.internal.serviceregistry.ServiceRegistry.publishServiceEventPrivileged(Lorg/osgi/framework/ServiceEvent;)V+320
j  org.eclipse.osgi.internal.serviceregistry.ServiceRegistry.publishServiceEvent(Lorg/osgi/framework/ServiceEvent;)V+8
j  org.eclipse.osgi.internal.serviceregistry.ServiceRegistrationImpl.register(Ljava/util/Dictionary;)V+128
j  org.eclipse.osgi.internal.serviceregistry.ServiceRegistry.registerService(Lorg/eclipse/osgi/internal/framework/BundleContextImpl;[Ljava/lang/String;Ljava/lang/Object;Ljava/util/Dictionary;)Lorg/eclipse/osgi/internal/serviceregistry/ServiceRegistrationImpl;+298
j  org.eclipse.osgi.internal.framework.BundleContextImpl.registerService([Ljava/lang/String;Ljava/lang/Object;Ljava/util/Dictionary;)Lorg/osgi/framework/ServiceRegistration;+15
j  org.eclipse.osgi.internal.framework.BundleContextImpl.registerService(Ljava/lang/String;Ljava/lang/Object;Ljava/util/Dictionary;)Lorg/osgi/framework/ServiceRegistration;+15
j  org.eclipse.osgi.internal.framework.BundleContextImpl.registerService(Ljava/lang/Class;Ljava/lang/Object;Ljava/util/Dictionary;)Lorg/osgi/framework/ServiceRegistration;+7
j  org.eclipse.core.resources.ResourcesPlugin.start(Lorg/osgi/framework/BundleContext;)V+46
j  org.eclipse.osgi.internal.framework.BundleContextImpl$2.run()Ljava/lang/Void;+23
j  org.eclipse.osgi.internal.framework.BundleContextImpl$2.run()Ljava/lang/Object;+1
J 1203 c1 java.security.AccessController.executePrivileged(Ljava/security/PrivilegedExceptionAction;Ljava/security/AccessControlContext;Ljava/lang/Class;)Ljava/lang/Object; java.base@17.0.4.1 (65 bytes) @ 0x000001956878d4b4 [0x000001956878d360+0x0000000000000154]
j  java.security.AccessController.doPrivileged(Ljava/security/PrivilegedExceptionAction;)Ljava/lang/Object;+9 java.base@17.0.4.1
j  org.eclipse.osgi.internal.framework.BundleContextImpl.startActivator(Lorg/osgi/framework/BundleActivator;)V+9
j  org.eclipse.osgi.internal.framework.BundleContextImpl.start()V+134
j  org.eclipse.osgi.internal.framework.EquinoxBundle.startWorker0()V+35
j  org.eclipse.osgi.internal.framework.EquinoxBundle$EquinoxModule.startWorker()V+4
j  org.eclipse.osgi.container.Module.doStart([Lorg/eclipse/osgi/container/Module$StartOptions;)Lorg/eclipse/osgi/container/ModuleContainerAdaptor$ModuleEvent;+190
j  org.eclipse.osgi.container.Module.start([Lorg/eclipse/osgi/container/Module$StartOptions;)V+460
j  org.eclipse.osgi.framework.util.SecureAction.start(Lorg/eclipse/osgi/container/Module;[Lorg/eclipse/osgi/container/Module$StartOptions;)V+8
J 1672 c1 org.eclipse.osgi.internal.hooks.EclipseLazyStarter.postFindLocalClass(Ljava/lang/String;Ljava/lang/Class;Lorg/eclipse/osgi/internal/loader/classpath/ClasspathManager;)V (394 bytes) @ 0x0000019568883cdc [0x0000019568882d60+0x0000000000000f7c]
J 1764 c1 org.eclipse.osgi.internal.loader.classpath.ClasspathManager.findLocalClass(Ljava/lang/String;)Ljava/lang/Class; (210 bytes) @ 0x00000195688b55d4 [0x00000195688b4620+0x0000000000000fb4]
J 1670 c1 org.eclipse.osgi.internal.loader.BundleLoader.findLocalClass(Ljava/lang/String;)Ljava/lang/Class; (152 bytes) @ 0x0000019568880d6c [0x0000019568880520+0x000000000000084c]
J 1598 c1 org.eclipse.osgi.internal.loader.BundleLoader.findClass0(Ljava/lang/String;ZZ)Ljava/lang/Class; (466 bytes) @ 0x0000019568857794 [0x00000195688550a0+0x00000000000026f4]
J 1597 c1 org.eclipse.osgi.internal.loader.BundleLoader.findClass(Ljava/lang/String;)Ljava/lang/Class; (8 bytes) @ 0x000001956885479c [0x0000019568854720+0x000000000000007c]
J 1600 c1 org.eclipse.osgi.internal.loader.ModuleClassLoader.loadClass(Ljava/lang/String;Z)Ljava/lang/Class; (36 bytes) @ 0x000001956885b53c [0x000001956885b320+0x000000000000021c]
J 780 c1 java.lang.ClassLoader.loadClass(Ljava/lang/String;)Ljava/lang/Class; java.base@17.0.4.1 (7 bytes) @ 0x00000195686b2abc [0x00000195686b29c0+0x00000000000000fc]
v  ~StubRoutines::call_stub
j  java.lang.Class.getDeclaredConstructors0(Z)[Ljava/lang/reflect/Constructor;+0 java.base@17.0.4.1
j  java.lang.Class.privateGetDeclaredConstructors(Z)[Ljava/lang/reflect/Constructor;+52 java.base@17.0.4.1
j  java.lang.Class.getConstructor0([Ljava/lang/Class;I)Ljava/lang/reflect/Constructor;+14 java.base@17.0.4.1
j  java.lang.Class.getConstructor([Ljava/lang/Class;)Ljava/lang/reflect/Constructor;+24 java.base@17.0.4.1
j  org.eclipse.osgi.internal.framework.BundleContextImpl.loadBundleActivator()Lorg/osgi/framework/BundleActivator;+105
j  org.eclipse.osgi.internal.framework.BundleContextImpl.start()V+18
j  org.eclipse.osgi.internal.framework.EquinoxBundle.startWorker0()V+35
j  org.eclipse.osgi.internal.framework.EquinoxBundle$EquinoxModule.startWorker()V+4
j  org.eclipse.osgi.container.Module.doStart([Lorg/eclipse/osgi/container/Module$StartOptions;)Lorg/eclipse/osgi/container/ModuleContainerAdaptor$ModuleEvent;+190
j  org.eclipse.osgi.container.Module.start([Lorg/eclipse/osgi/container/Module$StartOptions;)V+460
j  org.eclipse.osgi.container.ModuleContainer$ContainerStartLevel$2.run()V+71
j  org.eclipse.osgi.internal.framework.EquinoxContainerAdaptor$1$1.execute(Ljava/lang/Runnable;)V+1
j  org.eclipse.osgi.container.ModuleContainer$ContainerStartLevel.incStartLevel(ILjava/util/List;Z)V+192
j  org.eclipse.osgi.container.ModuleContainer$ContainerStartLevel.incStartLevel(ILjava/util/List;Ljava/util/List;Ljava/util/List;Ljava/util/List;)V+19
j  org.eclipse.osgi.container.ModuleContainer$ContainerStartLevel.doContainerStartLevel(Lorg/eclipse/osgi/container/Module;I[Lorg/osgi/framework/FrameworkListener;)V+349
j  org.eclipse.osgi.container.ModuleContainer$ContainerStartLevel.dispatchEvent(Lorg/eclipse/osgi/container/Module;[Lorg/osgi/framework/FrameworkListener;ILjava/lang/Integer;)V+32
j  org.eclipse.osgi.container.ModuleContainer$ContainerStartLevel.dispatchEvent(Ljava/lang/Object;Ljava/lang/Object;ILjava/lang/Object;)V+15
j  org.eclipse.osgi.framework.eventmgr.EventManager.dispatchEvent(Ljava/util/Set;Lorg/eclipse/osgi/framework/eventmgr/EventDispatcher;ILjava/lang/Object;)V+48
j  org.eclipse.osgi.framework.eventmgr.EventManager$EventThread.run()V+26
v  ~StubRoutines::call_stub

---------------  P R O C E S S  ---------------

Threads class SMR info:
_java_thread_list=0x000001957c8baad0, length=18, elements={
0x0000019565358320, 0x000001956541d590, 0x00000195791b5b10, 0x000001957b1482f0,
0x000001957b16e400, 0x000001957b16ecc0, 0x000001957b170890, 0x000001957b1787f0,
0x000001957b189110, 0x00000195791de9d0, 0x00000195653bbe20, 0x000001957b4779c0,
0x000001957b575830, 0x000001957c83b1c0, 0x000001957bba2930, 0x000001957c86e980,
0x000001957c8197d0, 0x000001957c8b5330
}

Java Threads: ( => current thread )
  0x0000019565358320 JavaThread "main" [_thread_blocked, id=9040, stack(0x0000007975700000,0x0000007975800000)]
  0x000001956541d590 JavaThread "Reference Handler" daemon [_thread_blocked, id=15436, stack(0x0000007975a00000,0x0000007975b00000)]
  0x00000195791b5b10 JavaThread "Finalizer" daemon [_thread_blocked, id=14364, stack(0x0000007975b00000,0x0000007975c00000)]
  0x000001957b1482f0 JavaThread "Signal Dispatcher" daemon [_thread_blocked, id=14688, stack(0x0000007975c00000,0x0000007975d00000)]
  0x000001957b16e400 JavaThread "Attach Listener" daemon [_thread_blocked, id=3740, stack(0x0000007975d00000,0x0000007975e00000)]
  0x000001957b16ecc0 JavaThread "Service Thread" daemon [_thread_blocked, id=15160, stack(0x0000007975e00000,0x0000007975f00000)]
  0x000001957b170890 JavaThread "Monitor Deflation Thread" daemon [_thread_blocked, id=14704, stack(0x0000007975f00000,0x0000007976000000)]
  0x000001957b1787f0 JavaThread "C2 CompilerThread0" daemon [_thread_blocked, id=9204, stack(0x0000007976000000,0x0000007976100000)]
  0x000001957b189110 JavaThread "C1 CompilerThread0" daemon [_thread_blocked, id=14136, stack(0x0000007976100000,0x0000007976200000)]
  0x00000195791de9d0 JavaThread "Sweeper thread" daemon [_thread_blocked, id=11236, stack(0x0000007976200000,0x0000007976300000)]
  0x00000195653bbe20 JavaThread "Common-Cleaner" daemon [_thread_blocked, id=16200, stack(0x0000007976300000,0x0000007976400000)]
  0x000001957b4779c0 JavaThread "Notification Thread" daemon [_thread_blocked, id=16004, stack(0x0000007976400000,0x0000007976500000)]
  0x000001957b575830 JavaThread "C2 CompilerThread1" daemon [_thread_blocked, id=13384, stack(0x0000007976600000,0x0000007976700000)]
  0x000001957c83b1c0 JavaThread "Active Thread: Equinox Container: 24277784-2088-4ce2-8b9e-d3a885a2462c" [_thread_blocked, id=16000, stack(0x0000007976c00000,0x0000007976d00000)]
  0x000001957bba2930 JavaThread "Framework Event Dispatcher: Equinox Container: 24277784-2088-4ce2-8b9e-d3a885a2462c" daemon [_thread_blocked, id=5728, stack(0x0000007976d00000,0x0000007976e00000)]
=>0x000001957c86e980 JavaThread "Start Level: Equinox Container: 24277784-2088-4ce2-8b9e-d3a885a2462c" daemon [_thread_in_vm, id=8788, stack(0x0000007976e00000,0x0000007976f00000)]
  0x000001957c8197d0 JavaThread "SCR Component Actor" daemon [_thread_blocked, id=12256, stack(0x0000007976f00000,0x0000007977000000)]
  0x000001957c8b5330 JavaThread "SCR Component Registry" daemon [_thread_blocked, id=7976, stack(0x0000007977000000,0x0000007977100000)]

Other Threads:
  0x00000195791a3a20 VMThread "VM Thread" [stack: 0x0000007975900000,0x0000007975a00000] [id=15848]
  0x000001957b477e90 WatcherThread [stack: 0x0000007976500000,0x0000007976600000] [id=16148]
  0x000001956536e340 GCTaskThread "GC Thread#0" [stack: 0x0000007975800000,0x0000007975900000] [id=15444]
  0x000001957b9a9cb0 GCTaskThread "GC Thread#1" [stack: 0x0000007976700000,0x0000007976800000] [id=16244]
  0x000001957b9a8c00 GCTaskThread "GC Thread#2" [stack: 0x0000007976800000,0x0000007976900000] [id=15052]
  0x000001957b9a8eb0 GCTaskThread "GC Thread#3" [stack: 0x0000007976900000,0x0000007976a00000] [id=10632]
  0x000001957b9a9160 GCTaskThread "GC Thread#4" [stack: 0x0000007976a00000,0x0000007976b00000] [id=16188]
  0x000001957b9a9410 GCTaskThread "GC Thread#5" [stack: 0x0000007976b00000,0x0000007976c00000] [id=2080]

Threads with active compile tasks:

VM state: not at safepoint (normal execution)

VM Mutex/Monitor currently owned by a thread:  ([mutex/lock_event])
[0x0000019565354ed0] Metaspace_lock - owner thread: 0x000001957c86e980

Heap address: 0x00000000c0000000, size: 1024 MB, Compressed Oops mode: 32-bit

CDS archive(s) not mapped
Compressed class space mapped at: 0x0000000100000000-0x0000000140000000, reserved size: 1073741824
Narrow klass base: 0x0000000000000000, Narrow klass shift: 3, Narrow klass range: 0x140000000

GC Precious Log:
 CPUs: 6 total, 6 available
 Memory: 7538M
 Large Page Support: Disabled
 NUMA Support: Disabled
 Compressed Oops: Enabled (32-bit)
 Alignments: Space 512K, Generation 512K, Heap 2M
 Heap Min Capacity: 100M
 Heap Initial Capacity: 100M
 Heap Max Capacity: 1G
 Pre-touch: Disabled
 Parallel Workers: 6

Heap:
 PSYoungGen      total 29696K, used 17179K [0x00000000eab00000, 0x00000000ecc00000, 0x0000000100000000)
  eden space 25600K, 51% used [0x00000000eab00000,0x00000000eb7cb6a8,0x00000000ec400000)
  from space 4096K, 99% used [0x00000000ec800000,0x00000000ecbfb728,0x00000000ecc00000)
  to   space 4096K, 0% used [0x00000000ec400000,0x00000000ec400000,0x00000000ec800000)
 ParOldGen       total 68608K, used 724K [0x00000000c0000000, 0x00000000c4300000, 0x00000000eab00000)
  object space 68608K, 1% used [0x00000000c0000000,0x00000000c00b5360,0x00000000c4300000)
 Metaspace       used 17608K, committed 17984K, reserved 1064960K
  class space    used 1804K, committed 1984K, reserved 1048576K

Card table byte_map: [0x0000019564d00000,0x0000019564f10000] _byte_map_base: 0x0000019564700000

Marking Bits: (ParMarkBitMap*) 0x00007ffee60b2cc0
 Begin Bits: [0x0000019576fe0000, 0x0000019577fe0000)
 End Bits:   [0x0000019577fe0000, 0x0000019578fe0000)

Polling page: 0x0000019563210000

Metaspace:

Usage:
  Non-class:     15.43 MB used.
      Class:      1.76 MB used.
       Both:     17.20 MB used.

Virtual space:
  Non-class space:       16.00 MB reserved,      15.62 MB ( 98%) committed,  2 nodes.
      Class space:        1.00 GB reserved,       1.94 MB ( <1%) committed,  1 nodes.
             Both:        1.02 GB reserved,      17.56 MB (  2%) committed. 

Chunk freelists:
   Non-Class:  188.00 KB
       Class:  2.04 MB
        Both:  2.22 MB

MaxMetaspaceSize: unlimited
CompressedClassSpaceSize: 1.00 GB
Initial GC threshold: 21.00 MB
Current GC threshold: 21.00 MB
CDS: off
MetaspaceReclaimPolicy: balanced
 - commit_granule_bytes: 65536.
 - commit_granule_words: 8192.
 - virtual_space_node_default_size: 1048576.
 - enlarge_chunks_in_place: 1.
 - new_chunks_are_fully_committed: 0.
 - uncommit_free_chunks: 1.
 - use_allocation_guard: 0.
 - handle_deallocations: 1.


Internal statistics:

num_allocs_failed_limit: 0.
num_arena_births: 110.
num_arena_deaths: 0.
num_vsnodes_births: 3.
num_vsnodes_deaths: 0.
num_space_committed: 281.
num_space_uncommitted: 0.
num_chunks_returned_to_freelist: 0.
num_chunks_taken_from_freelist: 427.
num_chunk_merges: 0.
num_chunk_splits: 289.
num_chunks_enlarged: 220.
num_purges: 0.
num_inconsistent_stats: 0.

CodeHeap 'non-profiled nmethods': size=120000Kb used=727Kb max_used=727Kb free=119273Kb
 bounds [0x000001956fab0000, 0x000001956fd20000, 0x0000019576fe0000]
CodeHeap 'profiled nmethods': size=120000Kb used=3533Kb max_used=3533Kb free=116466Kb
 bounds [0x0000019568580000, 0x0000019568900000, 0x000001956fab0000]
CodeHeap 'non-nmethods': size=5760Kb used=1168Kb max_used=1184Kb free=4591Kb
 bounds [0x0000019567fe0000, 0x0000019568250000, 0x0000019568580000]
 total_blobs=2328 nmethods=1862 adapters=380
 compilation: enabled
              stopped_count=0, restarted_count=0
 full_count=0

Compilation events (20 events):
Event: 1.285 Thread 0x000001957b189110 1857       3       sun.util.locale.InternalLocaleBuilder::getBaseLocale (187 bytes)
Event: 1.285 Thread 0x000001957b189110 nmethod 1857 0x00000195688eb610 code [0x00000195688eb920, 0x00000195688ec918]
Event: 1.286 Thread 0x000001957b189110 1858       3       sun.util.locale.InternalLocaleBuilder::getLocaleExtensions (65 bytes)
Event: 1.286 Thread 0x000001957b189110 nmethod 1858 0x00000195688ecf90 code [0x00000195688ed1c0, 0x00000195688eda08]
Event: 1.286 Thread 0x000001957b189110 1844       3       sun.util.locale.LanguageTag::<init> (50 bytes)
Event: 1.286 Thread 0x000001957b189110 nmethod 1844 0x00000195688edc10 code [0x00000195688edde0, 0x00000195688ee118]
Event: 1.286 Thread 0x000001957b189110 1836       3       sun.util.locale.LanguageTag::isRegion (36 bytes)
Event: 1.287 Thread 0x000001957b189110 nmethod 1836 0x00000195688ee210 code [0x00000195688ee4e0, 0x00000195688ef658]
Event: 1.287 Thread 0x000001957b189110 1859       3       java.lang.invoke.DirectMethodHandle::<init> (148 bytes)
Event: 1.287 Thread 0x000001957b189110 nmethod 1859 0x00000195688efc10 code [0x00000195688efec0, 0x00000195688f0da8]
Event: 1.291 Thread 0x000001957b189110 1860       3       jdk.internal.org.objectweb.asm.MethodWriter::visitTypeInsn (116 bytes)
Event: 1.291 Thread 0x000001957b189110 nmethod 1860 0x00000195688f1290 code [0x00000195688f1480, 0x00000195688f1888]
Event: 1.291 Thread 0x000001957b189110 1861   !   3       java.lang.invoke.MemberName$Factory::resolve (159 bytes)
Event: 1.292 Thread 0x000001957b189110 nmethod 1861 0x00000195688f1a90 code [0x00000195688f1cc0, 0x00000195688f2328]
Event: 1.292 Thread 0x000001957b189110 1862       3       java.lang.AbstractStringBuilder::append (77 bytes)
Event: 1.292 Thread 0x000001957b189110 nmethod 1862 0x00000195688f2610 code [0x00000195688f2820, 0x00000195688f2ea8]
Event: 1.294 Thread 0x000001957b189110 1863       3       java.lang.StringUTF16::getChar (60 bytes)
Event: 1.294 Thread 0x000001957b189110 nmethod 1863 0x00000195688f3110 code [0x00000195688f32a0, 0x00000195688f3418]
Event: 1.295 Thread 0x000001957b1787f0 1864       4       java.lang.StringUTF16::getChar (60 bytes)
Event: 1.295 Thread 0x000001957b1787f0 nmethod 1864 0x000001956fb65910 code [0x000001956fb65a80, 0x000001956fb65b58]

GC Heap History (4 events):
Event: 0.572 GC heap before
{Heap before GC invocations=1 (full 0):
 PSYoungGen      total 29696K, used 25600K [0x00000000eab00000, 0x00000000ecc00000, 0x0000000100000000)
  eden space 25600K, 100% used [0x00000000eab00000,0x00000000ec400000,0x00000000ec400000)
  from space 4096K, 0% used [0x00000000ec800000,0x00000000ec800000,0x00000000ecc00000)
  to   space 4096K, 0% used [0x00000000ec400000,0x00000000ec400000,0x00000000ec800000)
 ParOldGen       total 68608K, used 0K [0x00000000c0000000, 0x00000000c4300000, 0x00000000eab00000)
  object space 68608K, 0% used [0x00000000c0000000,0x00000000c0000000,0x00000000c4300000)
 Metaspace       used 10817K, committed 10944K, reserved 1064960K
  class space    used 1087K, committed 1152K, reserved 1048576K
}
Event: 0.578 GC heap after
{Heap after GC invocations=1 (full 0):
 PSYoungGen      total 29696K, used 3208K [0x00000000eab00000, 0x00000000ecc00000, 0x0000000100000000)
  eden space 25600K, 0% used [0x00000000eab00000,0x00000000eab00000,0x00000000ec400000)
  from space 4096K, 78% used [0x00000000ec400000,0x00000000ec722208,0x00000000ec800000)
  to   space 4096K, 0% used [0x00000000ec800000,0x00000000ec800000,0x00000000ecc00000)
 ParOldGen       total 68608K, used 16K [0x00000000c0000000, 0x00000000c4300000, 0x00000000eab00000)
  object space 68608K, 0% used [0x00000000c0000000,0x00000000c0004000,0x00000000c4300000)
 Metaspace       used 10817K, committed 10944K, reserved 1064960K
  class space    used 1087K, committed 1152K, reserved 1048576K
}
Event: 1.050 GC heap before
{Heap before GC invocations=2 (full 0):
 PSYoungGen      total 29696K, used 28800K [0x00000000eab00000, 0x00000000ecc00000, 0x0000000100000000)
  eden space 25600K, 99% used [0x00000000eab00000,0x00000000ec3fe198,0x00000000ec400000)
  from space 4096K, 78% used [0x00000000ec400000,0x00000000ec722208,0x00000000ec800000)
  to   space 4096K, 0% used [0x00000000ec800000,0x00000000ec800000,0x00000000ecc00000)
 ParOldGen       total 68608K, used 16K [0x00000000c0000000, 0x00000000c4300000, 0x00000000eab00000)
  object space 68608K, 0% used [0x00000000c0000000,0x00000000c0004000,0x00000000c4300000)
 Metaspace       used 15143K, committed 15360K, reserved 1064960K
  class space    used 1549K, committed 1664K, reserved 1048576K
}
Event: 1.054 GC heap after
{Heap after GC invocations=2 (full 0):
 PSYoungGen      total 29696K, used 4077K [0x00000000eab00000, 0x00000000ecc00000, 0x0000000100000000)
  eden space 25600K, 0% used [0x00000000eab00000,0x00000000eab00000,0x00000000ec400000)
  from space 4096K, 99% used [0x00000000ec800000,0x00000000ecbfb728,0x00000000ecc00000)
  to   space 4096K, 0% used [0x00000000ec400000,0x00000000ec400000,0x00000000ec800000)
 ParOldGen       total 68608K, used 724K [0x00000000c0000000, 0x00000000c4300000, 0x00000000eab00000)
  object space 68608K, 1% used [0x00000000c0000000,0x00000000c00b5360,0x00000000c4300000)
 Metaspace       used 15143K, committed 15360K, reserved 1064960K
  class space    used 1549K, committed 1664K, reserved 1048576K
}

Deoptimization events (20 events):
Event: 1.242 Thread 0x000001957c86e980 Uncommon trap: trap_request=0xffffffc6 fr.pc=0x000001956fb5794c relative=0x0000000000000d0c
Event: 1.242 Thread 0x000001957c86e980 Uncommon trap: reason=bimorphic_or_optimized_type_check action=maybe_recompile pc=0x000001956fb5794c method=java.io.DataInputStream.readInt()I @ 4 c2
Event: 1.242 Thread 0x000001957c86e980 DEOPT PACKING pc=0x000001956fb5794c sp=0x0000007976ef84a0
Event: 1.242 Thread 0x000001957c86e980 DEOPT UNPACKING pc=0x00000195680320a3 sp=0x0000007976ef8450 mode 2
Event: 1.249 Thread 0x000001957c86e980 Uncommon trap: trap_request=0xffffff45 fr.pc=0x000001956faec374 relative=0x0000000000000074
Event: 1.249 Thread 0x000001957c86e980 Uncommon trap: reason=unstable_if action=reinterpret pc=0x000001956faec374 method=jdk.internal.misc.Unsafe.convEndian(ZJ)J @ 4 c2
Event: 1.249 Thread 0x000001957c86e980 DEOPT PACKING pc=0x000001956faec374 sp=0x0000007976ef7210
Event: 1.249 Thread 0x000001957c86e980 DEOPT UNPACKING pc=0x00000195680320a3 sp=0x0000007976ef7138 mode 2
Event: 1.285 Thread 0x000001957c86e980 Uncommon trap: trap_request=0xffffff45 fr.pc=0x000001956fac6274 relative=0x0000000000000354
Event: 1.285 Thread 0x000001957c86e980 Uncommon trap: reason=unstable_if action=reinterpret pc=0x000001956fac6274 method=java.lang.StringLatin1.canEncode(I)Z @ 4 c2
Event: 1.285 Thread 0x000001957c86e980 DEOPT PACKING pc=0x000001956fac6274 sp=0x0000007976ef87d0
Event: 1.285 Thread 0x000001957c86e980 DEOPT UNPACKING pc=0x00000195680320a3 sp=0x0000007976ef86f8 mode 2
Event: 1.285 Thread 0x000001957c86e980 Uncommon trap: trap_request=0xffffff45 fr.pc=0x000001956fae1ed4 relative=0x0000000000000334
Event: 1.285 Thread 0x000001957c86e980 Uncommon trap: reason=unstable_if action=reinterpret pc=0x000001956fae1ed4 method=java.lang.AbstractStringBuilder.isLatin1()Z @ 10 c2
Event: 1.285 Thread 0x000001957c86e980 DEOPT PACKING pc=0x000001956fae1ed4 sp=0x0000007976ef87f0
Event: 1.285 Thread 0x000001957c86e980 DEOPT UNPACKING pc=0x00000195680320a3 sp=0x0000007976ef8770 mode 2
Event: 1.293 Thread 0x000001957c86e980 Uncommon trap: trap_request=0xffffff45 fr.pc=0x000001956fad57c8 relative=0x0000000000000048
Event: 1.293 Thread 0x000001957c86e980 Uncommon trap: reason=unstable_if action=reinterpret pc=0x000001956fad57c8 method=java.lang.CharacterData.of(I)Ljava/lang/CharacterData; @ 4 c2
Event: 1.293 Thread 0x000001957c86e980 DEOPT PACKING pc=0x000001956fad57c8 sp=0x0000007976ef7fa0
Event: 1.293 Thread 0x000001957c86e980 DEOPT UNPACKING pc=0x00000195680320a3 sp=0x0000007976ef7f38 mode 2

Classes unloaded (0 events):
No events

Classes redefined (0 events):
No events

Internal exceptions (20 events):
Event: 0.443 Thread 0x0000019565358320 Exception <a 'java/lang/ClassNotFoundException'{0x00000000ebf72130}: sun/net/www/protocol/c/Handler> (0x00000000ebf72130) 
thrown [s\src\hotspot\share\classfile\systemDictionary.cpp, line 256]
Event: 0.443 Thread 0x0000019565358320 Exception <a 'java/lang/ClassNotFoundException'{0x00000000ebf732a8}: sun/net/www/protocol/c/Handler> (0x00000000ebf732a8) 
thrown [s\src\hotspot\share\classfile\systemDictionary.cpp, line 256]
Event: 0.449 Thread 0x0000019565358320 Exception <a 'java/io/FileNotFoundException'{0x00000000ebf92420}> (0x00000000ebf92420) 
thrown [s\src\hotspot\share\prims\jni.cpp, line 516]
Event: 0.478 Thread 0x0000019565358320 Implicit null exception at 0x000001956fafc5fb to 0x000001956fafcf98
Event: 0.478 Thread 0x0000019565358320 Implicit null exception at 0x000001956faff571 to 0x000001956faff760
Event: 0.479 Thread 0x0000019565358320 Implicit null exception at 0x000001956faf4af1 to 0x000001956faf4cdc
Event: 0.479 Thread 0x0000019565358320 Implicit null exception at 0x000001956fae800f to 0x000001956fae8085
Event: 0.517 Thread 0x0000019565358320 Exception <a 'java/lang/NoSuchMethodError'{0x00000000ec25e160}: 'int java.lang.invoke.DirectMethodHandle$Holder.invokeStaticInit(java.lang.Object, java.lang.Object, java.lang.Object, java.lang.Object)'> (0x00000000ec25e160) 
thrown [s\src\hotspot\share\interpreter\linkResolver.cpp, line 759]
Event: 0.518 Thread 0x0000019565358320 Exception <a 'java/lang/NoSuchMethodError'{0x00000000ec2687d0}: 'java.lang.Object java.lang.invoke.DirectMethodHandle$Holder.invokeInterface(java.lang.Object, java.lang.Object)'> (0x00000000ec2687d0) 
thrown [s\src\hotspot\share\interpreter\linkResolver.cpp, line 759]
Event: 0.519 Thread 0x0000019565358320 Exception <a 'java/lang/IncompatibleClassChangeError'{0x00000000ec26bfc8}: Found class java.lang.Object, but interface was expected> (0x00000000ec26bfc8) 
thrown [s\src\hotspot\share\interpreter\linkResolver.cpp, line 826]
Event: 0.519 Thread 0x0000019565358320 Exception <a 'java/lang/NoSuchMethodError'{0x00000000ec2704c0}: 'void java.lang.invoke.DirectMethodHandle$Holder.invokeStatic(java.lang.Object, java.lang.Object)'> (0x00000000ec2704c0) 
thrown [s\src\hotspot\share\interpreter\linkResolver.cpp, line 759]
Event: 0.520 Thread 0x0000019565358320 Exception <a 'java/lang/NoSuchMethodError'{0x00000000ec273cc0}: 'void java.lang.invoke.DirectMethodHandle$Holder.invokeStaticInit(java.lang.Object, java.lang.Object)'> (0x00000000ec273cc0) 
thrown [s\src\hotspot\share\interpreter\linkResolver.cpp, line 759]
Event: 0.521 Thread 0x0000019565358320 Exception <a 'java/lang/NoSuchMethodError'{0x00000000ec27b0b8}: 'int java.lang.invoke.DirectMethodHandle$Holder.invokeStaticInit(java.lang.Object, java.lang.Object)'> (0x00000000ec27b0b8) 
thrown [s\src\hotspot\share\interpreter\linkResolver.cpp, line 759]
Event: 0.560 Thread 0x0000019565358320 Exception <a 'java/lang/NoSuchMethodError'{0x00000000ec3a38f8}: 'void java.lang.invoke.DirectMethodHandle$Holder.invokeSpecial(java.lang.Object, java.lang.Object, java.lang.Object)'> (0x00000000ec3a38f8) 
thrown [s\src\hotspot\share\interpreter\linkResolver.cpp, line 759]
Event: 0.827 Thread 0x0000019565358320 Exception <a 'java/lang/NoSuchMethodError'{0x00000000eb692760}: 'java.lang.Object java.lang.invoke.DirectMethodHandle$Holder.newInvokeSpecial(java.lang.Object, int, java.lang.Object)'> (0x00000000eb692760) 
thrown [s\src\hotspot\share\interpreter\linkResolver.cpp, line 759]
Event: 0.914 Thread 0x0000019565358320 Exception <a 'java/lang/UnsatisfiedLinkError'{0x00000000ebbc57b0}: 'void org.eclipse.equinox.launcher.JNIBridge._update_splash()'> (0x00000000ebbc57b0) 
thrown [s\src\hotspot\share\prims\nativeLookup.cpp, line 543]
Event: 0.963 Thread 0x000001957c86e980 Exception <a 'java/lang/NoSuchMethodError'{0x00000000ebe65f48}: 'java.lang.Object java.lang.invoke.DirectMethodHandle$Holder.invokeStaticInit(java.lang.Object)'> (0x00000000ebe65f48) 
thrown [s\src\hotspot\share\interpreter\linkResolver.cpp, line 759]
Event: 1.152 Thread 0x000001957c86e980 Exception <a 'java/io/FileNotFoundException'{0x00000000eb14cfa8}> (0x00000000eb14cfa8) 
thrown [s\src\hotspot\share\prims\jni.cpp, line 516]
Event: 1.173 Thread 0x000001957c86e980 Exception <a 'java/lang/NullPointerException'{0x00000000eb19ec78}> (0x00000000eb19ec78) 
thrown [s\src\hotspot\share\interpreter\linkResolver.cpp, line 1350]
Event: 1.173 Thread 0x000001957c86e980 Exception <a 'java/lang/NullPointerException'{0x00000000eb19f4a0}> (0x00000000eb19f4a0) 
thrown [s\src\hotspot\share\interpreter\linkResolver.cpp, line 1350]

VM Operations (20 events):
Event: 0.479 Executing VM operation: ICBufferFull
Event: 0.479 Executing VM operation: ICBufferFull done
Event: 0.572 Executing VM operation: ParallelGCFailedAllocation
Event: 0.578 Executing VM operation: ParallelGCFailedAllocation done
Event: 0.806 Executing VM operation: HandshakeAllThreads
Event: 0.806 Executing VM operation: HandshakeAllThreads done
Event: 0.806 Executing VM operation: HandshakeAllThreads
Event: 0.806 Executing VM operation: HandshakeAllThreads done
Event: 0.812 Executing VM operation: HandshakeAllThreads
Event: 0.812 Executing VM operation: HandshakeAllThreads done
Event: 0.824 Executing VM operation: HandshakeAllThreads
Event: 0.824 Executing VM operation: HandshakeAllThreads done
Event: 0.987 Executing VM operation: HandshakeAllThreads
Event: 0.987 Executing VM operation: HandshakeAllThreads done
Event: 1.049 Executing VM operation: ParallelGCFailedAllocation
Event: 1.054 Executing VM operation: ParallelGCFailedAllocation done
Event: 1.243 Executing VM operation: HandshakeAllThreads
Event: 1.243 Executing VM operation: HandshakeAllThreads done
Event: 1.294 Executing VM operation: HandshakeAllThreads
Event: 1.294 Executing VM operation: HandshakeAllThreads done

Events (20 events):
Event: 1.290 loading class java/util/stream/IntPipeline$StatelessOp
Event: 1.290 loading class java/util/stream/IntPipeline$StatelessOp done
Event: 1.290 loading class java/util/stream/IntPipeline$10 done
Event: 1.290 loading class java/util/stream/FindOps$FindSink$OfInt
Event: 1.290 loading class java/util/stream/Sink$OfInt
Event: 1.290 loading class java/util/function/IntConsumer
Event: 1.290 loading class java/util/function/IntConsumer done
Event: 1.290 loading class java/util/stream/Sink$OfInt done
Event: 1.290 loading class java/util/stream/FindOps$FindSink$OfInt done
Event: 1.290 loading class java/util/OptionalInt
Event: 1.291 loading class java/util/OptionalInt done
Event: 1.292 loading class java/util/stream/IntPipeline$10$1
Event: 1.292 loading class java/util/stream/Sink$ChainedInt
Event: 1.292 loading class java/util/stream/Sink$ChainedInt done
Event: 1.292 loading class java/util/stream/IntPipeline$10$1 done
Event: 1.293 loading class java/lang/StringUTF16$CharsSpliterator
Event: 1.293 loading class java/lang/StringUTF16$CharsSpliterator done
Event: 1.293 loading class java/lang/CharacterData00
Event: 1.294 loading class java/lang/CharacterData00 done
Event: 1.295 loading class java/text/DecimalFormat


Dynamic libraries:
0x00007ff757e50000 - 0x00007ff757e5e000 	c:\Users\Killer\.antigravity\extensions\redhat.java-1.12.0-win32-x64\jre\17.0.4.1-win32-x86_64\bin\java.exe
0x00007fff7a740000 - 0x00007fff7a9a8000 	C:\WINDOWS\SYSTEM32\ntdll.dll
0x00007fff795a0000 - 0x00007fff79669000 	C:\WINDOWS\System32\KERNEL32.DLL
0x00007fff77b30000 - 0x00007fff77f21000 	C:\WINDOWS\System32\KERNELBASE.dll
0x00007fff779e0000 - 0x00007fff77b2b000 	C:\WINDOWS\System32\ucrtbase.dll
0x00007fff41e90000 - 0x00007fff41ea9000 	c:\Users\Killer\.antigravity\extensions\redhat.java-1.12.0-win32-x64\jre\17.0.4.1-win32-x86_64\bin\VCRUNTIME140.dll
0x00007fff2a2b0000 - 0x00007fff2a2c8000 	c:\Users\Killer\.antigravity\extensions\redhat.java-1.12.0-win32-x64\jre\17.0.4.1-win32-x86_64\bin\jli.dll
0x00007fff79850000 - 0x00007fff79a16000 	C:\WINDOWS\System32\USER32.dll
0x00007fff5eae0000 - 0x00007fff5ed73000 	C:\WINDOWS\WinSxS\amd64_microsoft.windows.common-controls_6595b64144ccf1df_6.0.26100.7824_none_3e0870b2e3345462\COMCTL32.dll
0x00007fff79120000 - 0x00007fff791c9000 	C:\WINDOWS\System32\msvcrt.dll
0x00007fff77f30000 - 0x00007fff77f57000 	C:\WINDOWS\System32\win32u.dll
0x00007fff790f0000 - 0x00007fff7911b000 	C:\WINDOWS\System32\GDI32.dll
0x00007fff783b0000 - 0x00007fff784db000 	C:\WINDOWS\System32\gdi32full.dll
0x00007fff78300000 - 0x00007fff783a3000 	C:\WINDOWS\System32\msvcp_win.dll
0x00007fff7a640000 - 0x00007fff7a671000 	C:\WINDOWS\System32\IMM32.DLL
0x00007fff6bb70000 - 0x00007fff6bb7c000 	c:\Users\Killer\.antigravity\extensions\redhat.java-1.12.0-win32-x64\jre\17.0.4.1-win32-x86_64\bin\vcruntime140_1.dll
0x00007ffeebfe0000 - 0x00007ffeec071000 	c:\Users\Killer\.antigravity\extensions\redhat.java-1.12.0-win32-x64\jre\17.0.4.1-win32-x86_64\bin\msvcp140.dll
0x00007ffee5530000 - 0x00007ffee6176000 	c:\Users\Killer\.antigravity\extensions\redhat.java-1.12.0-win32-x64\jre\17.0.4.1-win32-x86_64\bin\server\jvm.dll
0x00007fff79b90000 - 0x00007fff79c44000 	C:\WINDOWS\System32\ADVAPI32.dll
0x00007fff79e20000 - 0x00007fff79ec6000 	C:\WINDOWS\System32\sechost.dll
0x00007fff79f70000 - 0x00007fff7a088000 	C:\WINDOWS\System32\RPCRT4.dll
0x00007fff79ed0000 - 0x00007fff79ed8000 	C:\WINDOWS\System32\PSAPI.DLL
0x00007fff70840000 - 0x00007fff7084b000 	C:\WINDOWS\SYSTEM32\VERSION.dll
0x00007fff6a800000 - 0x00007fff6a80a000 	C:\WINDOWS\SYSTEM32\WSOCK32.dll
0x00007fff6ecd0000 - 0x00007fff6ed05000 	C:\WINDOWS\SYSTEM32\WINMM.dll
0x00007fff79770000 - 0x00007fff797e4000 	C:\WINDOWS\System32\WS2_32.dll
0x00007fff75dc0000 - 0x00007fff75ddb000 	C:\WINDOWS\SYSTEM32\kernel.appcore.dll
0x00007fff4a490000 - 0x00007fff4a49a000 	c:\Users\Killer\.antigravity\extensions\redhat.java-1.12.0-win32-x64\jre\17.0.4.1-win32-x86_64\bin\jimage.dll
0x00007fff6dfb0000 - 0x00007fff6e1f2000 	C:\WINDOWS\SYSTEM32\DBGHELP.DLL
0x00007fff7a2b0000 - 0x00007fff7a636000 	C:\WINDOWS\System32\combase.dll
0x00007fff79d40000 - 0x00007fff79e17000 	C:\WINDOWS\System32\OLEAUT32.dll
0x00007fff5f530000 - 0x00007fff5f56b000 	C:\WINDOWS\SYSTEM32\dbgcore.DLL
0x00007fff77f60000 - 0x00007fff78005000 	C:\WINDOWS\System32\bcryptPrimitives.dll
0x00007fff4a380000 - 0x00007fff4a38e000 	c:\Users\Killer\.antigravity\extensions\redhat.java-1.12.0-win32-x64\jre\17.0.4.1-win32-x86_64\bin\instrument.dll
0x00007fff22b50000 - 0x00007fff22b75000 	c:\Users\Killer\.antigravity\extensions\redhat.java-1.12.0-win32-x64\jre\17.0.4.1-win32-x86_64\bin\java.dll
0x00007fff22b30000 - 0x00007fff22b48000 	c:\Users\Killer\.antigravity\extensions\redhat.java-1.12.0-win32-x64\jre\17.0.4.1-win32-x86_64\bin\zip.dll
0x00007fff78980000 - 0x00007fff790d2000 	C:\WINDOWS\System32\SHELL32.dll
0x00007fff78010000 - 0x00007fff7817a000 	C:\WINDOWS\System32\wintypes.dll
0x00007fff77020000 - 0x00007fff77883000 	C:\WINDOWS\System32\windows.storage.dll
0x00007fff79670000 - 0x00007fff79766000 	C:\WINDOWS\System32\SHCORE.dll
0x00007fff79530000 - 0x00007fff79597000 	C:\WINDOWS\System32\shlwapi.dll
0x00007fff76f40000 - 0x00007fff76f69000 	C:\WINDOWS\SYSTEM32\profapi.dll
0x00007fff22b10000 - 0x00007fff22b29000 	C:\Users\Killer\.antigravity\extensions\redhat.java-1.12.0-win32-x64\jre\17.0.4.1-win32-x86_64\bin\net.dll
0x00007fff6fd60000 - 0x00007fff6fe87000 	C:\WINDOWS\SYSTEM32\WINHTTP.dll
0x00007fff76330000 - 0x00007fff7639b000 	C:\WINDOWS\system32\mswsock.dll
0x00007fff04700000 - 0x00007fff04715000 	C:\Users\Killer\.antigravity\extensions\redhat.java-1.12.0-win32-x64\jre\17.0.4.1-win32-x86_64\bin\nio.dll
0x00007fff49350000 - 0x00007fff49360000 	c:\Users\Killer\.antigravity\extensions\redhat.java-1.12.0-win32-x64\jre\17.0.4.1-win32-x86_64\bin\verify.dll
0x00007fff03ad0000 - 0x00007fff03b0e000 	C:\Users\Killer\AppData\Roaming\Antigravity\User\globalStorage\redhat.java\1.12.0\config_ss_win\org.eclipse.equinox.launcher\org.eclipse.equinox.launcher.win32.win32.x86_64_1.2.600.v20220720-1916\eclipse_11700.dll
0x00007fff7a0f0000 - 0x00007fff7a287000 	C:\WINDOWS\System32\ole32.dll

dbghelp: loaded successfully - version: 4.0.5 - missing functions: none
symbol engine: initialized successfully - sym options: 0x614 - pdb path: .;c:\Users\Killer\.antigravity\extensions\redhat.java-1.12.0-win32-x64\jre\17.0.4.1-win32-x86_64\bin;C:\WINDOWS\SYSTEM32;C:\WINDOWS\WinSxS\amd64_microsoft.windows.common-controls_6595b64144ccf1df_6.0.26100.7824_none_3e0870b2e3345462;c:\Users\Killer\.antigravity\extensions\redhat.java-1.12.0-win32-x64\jre\17.0.4.1-win32-x86_64\bin\server;C:\Users\Killer\AppData\Roaming\Antigravity\User\globalStorage\redhat.java\1.12.0\config_ss_win\org.eclipse.equinox.launcher\org.eclipse.equinox.launcher.win32.win32.x86_64_1.2.600.v20220720-1916

VM Arguments:
jvm_args: --add-modules=ALL-SYSTEM --add-opens=java.base/java.util=ALL-UNNAMED --add-opens=java.base/java.lang=ALL-UNNAMED --add-opens=java.base/sun.nio.fs=ALL-UNNAMED -Declipse.application=org.eclipse.jdt.ls.core.id1 -Dosgi.bundles.defaultStartLevel=4 -Declipse.product=org.eclipse.jdt.ls.core.product -Djava.import.generatesMetadataFilesAtProjectRoot=false -Dfile.encoding=utf8 -XX:+UseParallelGC -XX:GCTimeRatio=4 -XX:AdaptiveSizePolicyWeight=90 -Dsun.zip.disableMemoryMapping=true -Xmx1G -Xms100m -Xlog:disable -javaagent:c:\Users\Killer\.antigravity\extensions\redhat.java-1.12.0-win32-x64\lombok\lombok-1.18.24.jar 
java_command: c:\Users\Killer\.antigravity\extensions\redhat.java-1.12.0-win32-x64\server\plugins\org.eclipse.equinox.launcher_1.6.400.v20210924-0641.jar -configuration c:\Users\Killer\AppData\Roaming\Antigravity\User\globalStorage\redhat.java\1.12.0\config_ss_win -data c:\Users\Killer\AppData\Roaming\Antigravity\User\workspaceStorage\2a93205c3141255e5a1ec29dcac7ad2b\redhat.java\ss_ws
java_class_path (initial): c:\Users\Killer\.antigravity\extensions\redhat.java-1.12.0-win32-x64\server\plugins\org.eclipse.equinox.launcher_1.6.400.v20210924-0641.jar
Launcher Type: SUN_STANDARD

[Global flags]
    uintx AdaptiveSizePolicyWeight                 = 90                                        {product} {command line}
     intx CICompilerCount                          = 3                                         {product} {ergonomic}
    uintx GCTimeRatio                              = 4                                         {product} {command line}
   size_t InitialHeapSize                          = 104857600                                 {product} {command line}
   size_t MaxHeapSize                              = 1073741824                                {product} {command line}
   size_t MaxNewSize                               = 357564416                                 {product} {ergonomic}
   size_t MinHeapDeltaBytes                        = 524288                                    {product} {ergonomic}
   size_t MinHeapSize                              = 104857600                                 {product} {command line}
   size_t NewSize                                  = 34603008                                  {product} {ergonomic}
    uintx NonNMethodCodeHeapSize                   = 5832780                                {pd product} {ergonomic}
    uintx NonProfiledCodeHeapSize                  = 122912730                              {pd product} {ergonomic}
   size_t OldSize                                  = 70254592                                  {product} {ergonomic}
    uintx ProfiledCodeHeapSize                     = 122912730                              {pd product} {ergonomic}
    uintx ReservedCodeCacheSize                    = 251658240                              {pd product} {ergonomic}
     bool SegmentedCodeCache                       = true                                      {product} {ergonomic}
   size_t SoftMaxHeapSize                          = 1073741824                             {manageable} {ergonomic}
     bool UseCompressedClassPointers               = true                           {product lp64_product} {ergonomic}
     bool UseCompressedOops                        = true                           {product lp64_product} {ergonomic}
     bool UseLargePagesIndividualAllocation        = false                                  {pd product} {ergonomic}
     bool UseParallelGC                            = true                                      {product} {command line}

Logging:
Log output configuration:
 #0: stdout all=off uptime,level,tags
 #1: stderr all=off uptime,level,tags

Environment Variables:
JAVA_HOME=C:\Program Files\Java\jdk-25.0.2
PATH=C:\Program Files\Common Files\Oracle\Java\javapath;C:\Program Files (x86)\VMware\VMware Workstation\bin\;C:\WINDOWS\system32;C:\WINDOWS;C:\WINDOWS\System32\Wbem;C:\WINDOWS\System32\WindowsPowerShell\v1.0\;C:\WINDOWS\System32\OpenSSH\;C:\WINDOWS\AtlasModules;C:\WINDOWS\AtlasModules\Tools;C:\WINDOWS\AtlasModules\Scripts;C:\Program Files\Java\jdk-25.0.2\bin;C:\Program Files\Apache\Maven\apache-maven-3.9.12\bin;C:\Users\Killer\AppData\Local\Microsoft\WindowsApps;C:\Users\Killer\AppData\Local\Programs\Antigravity\bin
USERNAME=Killer
OS=Windows_NT
PROCESSOR_IDENTIFIER=AMD64 Family 23 Model 96 Stepping 1, AuthenticAMD
TMP=C:\Users\Killer\AppData\Local\Temp
TEMP=C:\Users\Killer\AppData\Local\Temp



---------------  S Y S T E M  ---------------

OS:
 Windows 11 , 64 bit Build 26100 (10.0.26100.7705)
OS uptime: 0 days 16:08 hours

CPU: total 6 (initial active 6) (6 cores per cpu, 1 threads per core) family 23 model 96 stepping 1 microcode 0x8600106, cx8, cmov, fxsr, mmx, 3dnowpref, sse, sse2, sse3, ssse3, sse4a, sse4.1, sse4.2, popcnt, lzcnt, tsc, tscinvbit, avx, avx2, aes, clmul, bmi1, bmi2, adx, sha, fma, vzeroupper, clflush, clflushopt

Memory: 4k page, system-wide physical 7538M (802M free)
TotalPageFile size 11634M (AvailPageFile size 0M)
current process WorkingSet (physical memory assigned to process): 96M, peak: 96M
current process commit charge ("private bytes"): 203M, peak: 203M

vm_info: OpenJDK 64-Bit Server VM (17.0.4.1+1) for windows-amd64 JRE (17.0.4.1+1), built on Aug 17 2022 07:42:43 by "temurin" with MS VC++ 16.7 (VS2019)

END.
