#
# A fatal error has been detected by the Java Runtime Environment:
#
#  EXCEPTION_ACCESS_VIOLATION (0xc0000005) at pc=0x00007fff4a491be1, pid=7376, tid=7532
#
# JRE version:  (17.0.4.1+1) (build )
# Java VM: OpenJDK 64-Bit Server VM (17.0.4.1+1, mixed mode, sharing, tiered, unknown gc, windows-amd64)
# Problematic frame:
# C  [jimage.dll+0x1be1]
#
# No core dump will be written. Minidumps are not enabled by default on client versions of Windows
#
#

---------------  S U M M A R Y ------------

Command Line: 

Host: AMD Ryzen 5 4500U with Radeon Graphics         , 6 cores, 7G,  Windows 11 , 64 bit Build 26100 (10.0.26100.7705)
Time: Wed Mar 11 01:23:58 2026 Sri Lanka Standard Time elapsed time: 0.028660 seconds (0d 0h 0m 0s)

---------------  T H R E A D  ---------------

Current thread is native thread

Stack: [0x0000009bf7800000,0x0000009bf7900000],  sp=0x0000009bf78fd320,  free space=1012k
Native frames: (J=compiled Java code, j=interpreted, Vv=VM code, C=native code)
C  [jimage.dll+0x1be1]
C  [jimage.dll+0x1d6f]
C  [jimage.dll+0x264d]
V  [jvm.dll+0x1f193a]
V  [jvm.dll+0xb053e]
V  [jvm.dll+0x7e2d3c]
V  [jvm.dll+0x3ec25f]
V  [jvm.dll+0x3edde1]
C  [jli.dll+0x5277]
C  [ucrtbase.dll+0x37b0]
C  [KERNEL32.DLL+0x2e8d7]
C  [ntdll.dll+0x8c40c]


siginfo: EXCEPTION_ACCESS_VIOLATION (0xc0000005), reading address 0x000000000001775c


Registers:
RAX=0x0000000000005dd0, RBX=0x0000009bf78fd411, RCX=0x00007fff4a496000, RDX=0x0000000000005dd0
RSP=0x0000009bf78fd320, RBP=0x0000009bf78fd410, RSI=0x000000000000718b, RDI=0x0000009bf78fd410
R8 =0x00007fff4a494288, R9 =0x000000000000001c, R10=0x00007ffee5e65a00, R11=0x00007fff4a496000
R12=0x0000000000000000, R13=0x0000027e13d63230, R14=0x0000009bf78fe480, R15=0x00007ffee5e65a48
RIP=0x00007fff4a491be1, EFLAGS=0x0000000000010212

Top of Stack: (sp=0x0000009bf78fd320)
0x0000009bf78fd320:   0000027e00000000 0000027e13d50000
0x0000009bf78fd330:   0000027e00000200 0000027e13d7d3e2
0x0000009bf78fd340:   0000027e13d7c0e0 00007fff4a491d6f
0x0000009bf78fd350:   000000000000000b 0000027e13d7c0e0
0x0000009bf78fd360:   0000000000000200 0000027e13d7d533
0x0000009bf78fd370:   0000027e13d682c0 00000000000005ec
0x0000009bf78fd380:   0000000000000000 0000000000000000
0x0000009bf78fd390:   0000006b00000000 0000027e13e4e240
0x0000009bf78fd3a0:   0000027e13e4e240 00007fff7a7932ad
0x0000009bf78fd3b0:   0000e80bf94e9297 0000027e142aefc0
0x0000009bf78fd3c0:   00007ffee5e44510 0000000000000017
0x0000009bf78fd3d0:   0000027e13d7c0e0 0000009bf78fe480
0x0000009bf78fd3e0:   000000000000000b 00007fff4a49264d
0x0000009bf78fd3f0:   0000000000000644 0000000000000044
0x0000009bf78fd400:   0000027e13d5e880 0000009bf78fd470
0x0000009bf78fd410:   61622e6176616a2f 692f6b646a2f6573 

Instructions: (pc=0x00007fff4a491be1)
0x00007fff4a491ae1:   48 85 c9 74 1d 80 3d 23 45 00 00 00 74 06 48 8b
0x00007fff4a491af1:   53 18 eb 04 48 8b 53 40 e8 ae 0e 00 00 48 83 63
0x00007fff4a491b01:   48 00 8b 4b 0c 83 f9 ff 74 09 e8 e4 0c 00 00 83
0x00007fff4a491b11:   4b 0c ff 48 8b 4b 70 48 85 c9 74 0f ba 10 00 00
0x00007fff4a491b21:   00 e8 fd 0e 00 00 48 83 63 70 00 48 83 c4 20 5b
0x00007fff4a491b31:   c3 cc cc 40 53 48 83 ec 20 48 8b d9 48 8d 0d dc
0x00007fff4a491b41:   46 00 00 e8 b3 0c 00 00 83 6b 08 01 75 24 48 8b
0x00007fff4a491b51:   d3 48 8d 0d bf 44 00 00 e8 22 08 00 00 48 8b cb
0x00007fff4a491b61:   e8 de fe ff ff ba 78 00 00 00 48 8b cb e8 b1 0e
0x00007fff4a491b71:   00 00 48 8d 0d a6 46 00 00 48 83 c4 20 5b e9 80
0x00007fff4a491b81:   0c 00 00 48 89 5c 24 08 48 89 74 24 10 57 48 83
0x00007fff4a491b91:   ec 20 41 8b f1 4d 8b c8 48 8b fa 4c 8b d9 4d 85
0x00007fff4a491ba1:   c0 74 78 85 f6 74 74 44 8a 12 48 8d 5a 01 48 8b
0x00007fff4a491bb1:   d3 b8 93 01 00 01 eb 12 69 c0 93 01 00 01 41 0f
0x00007fff4a491bc1:   b6 ca 44 8a 12 33 c1 48 ff c2 45 84 d2 75 e9 4d
0x00007fff4a491bd1:   8b 03 0f ba f0 1f 33 d2 49 8b cb f7 f6 48 63 c2
0x00007fff4a491be1:   41 8b 14 81 41 ff 50 08 85 c0 7e 24 8a 0f eb 10
0x00007fff4a491bf1:   69 c0 93 01 00 01 0f b6 c9 33 c1 8a 0b 48 ff c3
0x00007fff4a491c01:   84 c9 75 ec 0f ba f0 1f 33 d2 f7 f6 8b c2 eb 0e
0x00007fff4a491c11:   79 09 83 c9 ff 2b c8 8b c1 eb 03 83 c8 ff 48 8b
0x00007fff4a491c21:   5c 24 30 48 8b 74 24 38 48 83 c4 20 5f c3 cc 48
0x00007fff4a491c31:   89 5c 24 08 48 89 74 24 10 57 48 83 ec 20 48 8b
0x00007fff4a491c41:   f1 48 8d 0d d7 45 00 00 e8 ae 0b 00 00 33 ff 39
0x00007fff4a491c51:   3d c2 43 00 00 76 24 48 8b 05 c1 43 00 00 48 8b
0x00007fff4a491c61:   d6 48 8b 1c f8 48 8b 0b e8 72 1e 00 00 85 c0 74
0x00007fff4a491c71:   2b ff c7 3b 3d 9e 43 00 00 72 dc 33 db 48 8d 0d
0x00007fff4a491c81:   9b 45 00 00 e8 7a 0b 00 00 48 8b 74 24 38 48 8b
0x00007fff4a491c91:   c3 48 8b 5c 24 30 48 83 c4 20 5f c3 ff 43 08 eb
0x00007fff4a491ca1:   dc cc cc 48 89 5c 24 08 48 89 74 24 10 57 48 83
0x00007fff4a491cb1:   ec 20 48 8b d9 48 8b f2 48 8b 49 10 49 8b f8 8b
0x00007fff4a491cc1:   53 30 48 8b 01 ff 50 20 4c 8b 43 50 48 8b d6 48
0x00007fff4a491cd1:   8b 4b 10 44 8b c8 e8 a8 fe ff ff 83 f8 ff 74 38 



---------------  P R O C E S S  ---------------

VM state: not at safepoint (not fully initialized)

VM Mutex/Monitor currently owned by a thread: None

GC Precious Log:
<Not initialized>


Dynamic libraries:
0x00007ff757e50000 - 0x00007ff757e5e000 	c:\Users\Killer\.antigravity\extensions\redhat.java-1.12.0-win32-x64\jre\17.0.4.1-win32-x86_64\bin\java.exe
0x00007fff7a740000 - 0x00007fff7a9a8000 	C:\WINDOWS\SYSTEM32\ntdll.dll
0x00007fff795a0000 - 0x00007fff79669000 	C:\WINDOWS\System32\KERNEL32.DLL
0x00007fff77b30000 - 0x00007fff77f21000 	C:\WINDOWS\System32\KERNELBASE.dll
0x00007fff779e0000 - 0x00007fff77b2b000 	C:\WINDOWS\System32\ucrtbase.dll
0x00007fff41e90000 - 0x00007fff41ea8000 	c:\Users\Killer\.antigravity\extensions\redhat.java-1.12.0-win32-x64\jre\17.0.4.1-win32-x86_64\bin\jli.dll
0x00007fff2a2b0000 - 0x00007fff2a2c9000 	c:\Users\Killer\.antigravity\extensions\redhat.java-1.12.0-win32-x64\jre\17.0.4.1-win32-x86_64\bin\VCRUNTIME140.dll
0x00007fff79850000 - 0x00007fff79a16000 	C:\WINDOWS\System32\USER32.dll
0x00007fff77f30000 - 0x00007fff77f57000 	C:\WINDOWS\System32\win32u.dll
0x00007fff5eae0000 - 0x00007fff5ed73000 	C:\WINDOWS\WinSxS\amd64_microsoft.windows.common-controls_6595b64144ccf1df_6.0.26100.7824_none_3e0870b2e3345462\COMCTL32.dll
0x00007fff790f0000 - 0x00007fff7911b000 	C:\WINDOWS\System32\GDI32.dll
0x00007fff79120000 - 0x00007fff791c9000 	C:\WINDOWS\System32\msvcrt.dll
0x00007fff783b0000 - 0x00007fff784db000 	C:\WINDOWS\System32\gdi32full.dll
0x00007fff78300000 - 0x00007fff783a3000 	C:\WINDOWS\System32\msvcp_win.dll
0x00007fff7a640000 - 0x00007fff7a671000 	C:\WINDOWS\System32\IMM32.DLL
0x00007fff6bb70000 - 0x00007fff6bb7c000 	c:\Users\Killer\.antigravity\extensions\redhat.java-1.12.0-win32-x64\jre\17.0.4.1-win32-x86_64\bin\vcruntime140_1.dll
0x00007ffeebfe0000 - 0x00007ffeec071000 	c:\Users\Killer\.antigravity\extensions\redhat.java-1.12.0-win32-x64\jre\17.0.4.1-win32-x86_64\bin\msvcp140.dll
0x00007ffee5530000 - 0x00007ffee6176000 	c:\Users\Killer\.antigravity\extensions\redhat.java-1.12.0-win32-x64\jre\17.0.4.1-win32-x86_64\bin\server\jvm.dll
0x00007fff79b90000 - 0x00007fff79c44000 	C:\WINDOWS\System32\ADVAPI32.dll
0x00007fff79e20000 - 0x00007fff79ec6000 	C:\WINDOWS\System32\sechost.dll
0x00007fff79f70000 - 0x00007fff7a088000 	C:\WINDOWS\System32\RPCRT4.dll
0x00007fff79ed0000 - 0x00007fff79ed8000 	C:\WINDOWS\System32\PSAPI.DLL
0x00007fff6a800000 - 0x00007fff6a80a000 	C:\WINDOWS\SYSTEM32\WSOCK32.dll
0x00007fff70840000 - 0x00007fff7084b000 	C:\WINDOWS\SYSTEM32\VERSION.dll
0x00007fff6ecd0000 - 0x00007fff6ed05000 	C:\WINDOWS\SYSTEM32\WINMM.dll
0x00007fff79770000 - 0x00007fff797e4000 	C:\WINDOWS\System32\WS2_32.dll
0x00007fff75dc0000 - 0x00007fff75ddb000 	C:\WINDOWS\SYSTEM32\kernel.appcore.dll
0x00007fff4a490000 - 0x00007fff4a49a000 	c:\Users\Killer\.antigravity\extensions\redhat.java-1.12.0-win32-x64\jre\17.0.4.1-win32-x86_64\bin\jimage.dll
0x00007fff6dfb0000 - 0x00007fff6e1f2000 	C:\WINDOWS\SYSTEM32\DBGHELP.DLL
0x00007fff7a2b0000 - 0x00007fff7a636000 	C:\WINDOWS\System32\combase.dll
0x00007fff79d40000 - 0x00007fff79e17000 	C:\WINDOWS\System32\OLEAUT32.dll
0x00007fff5f530000 - 0x00007fff5f56b000 	C:\WINDOWS\SYSTEM32\dbgcore.DLL
0x00007fff77f60000 - 0x00007fff78005000 	C:\WINDOWS\System32\bcryptPrimitives.dll

dbghelp: loaded successfully - version: 4.0.5 - missing functions: none
symbol engine: initialized successfully - sym options: 0x614 - pdb path: .;c:\Users\Killer\.antigravity\extensions\redhat.java-1.12.0-win32-x64\jre\17.0.4.1-win32-x86_64\bin;C:\WINDOWS\SYSTEM32;C:\WINDOWS\WinSxS\amd64_microsoft.windows.common-controls_6595b64144ccf1df_6.0.26100.7824_none_3e0870b2e3345462;c:\Users\Killer\.antigravity\extensions\redhat.java-1.12.0-win32-x64\jre\17.0.4.1-win32-x86_64\bin\server

VM Arguments:
java_command: <unknown>
java_class_path (initial): <not set>
Launcher Type: SUN_STANDARD

[Global flags]
     bool UseLargePagesIndividualAllocation        = false                                  {pd product} {ergonomic}

Logging:
Log output configuration:
 #0: stdout all=warning uptime,level,tags
 #1: stderr all=off uptime,level,tags

Environment Variables:
JAVA_HOME=C:\Program Files\Java\jdk-25.0.2
PATH=C:\Program Files\Common Files\Oracle\Java\javapath;C:\Program Files (x86)\VMware\VMware Workstation\bin\;C:\WINDOWS\system32;C:\WINDOWS;C:\WINDOWS\System32\Wbem;C:\WINDOWS\System32\WindowsPowerShell\v1.0\;C:\WINDOWS\System32\OpenSSH\;C:\WINDOWS\AtlasModules;C:\WINDOWS\AtlasModules\Tools;C:\WINDOWS\AtlasModules\Scripts;C:\Program Files\Java\jdk-25.0.2\bin;C:\Program Files\Apache\Maven\apache-maven-3.9.12\bin;C:\Users\Killer\AppData\Local\Microsoft\WindowsApps;C:\Users\Killer\AppData\Local\Programs\Antigravity\bin
USERNAME=Killer
OS=Windows_NT
PROCESSOR_IDENTIFIER=AMD64 Family 23 Model 96 Stepping 1, AuthenticAMD
TMP=C:\Users\Killer\AppData\Local\Temp
TEMP=C:\Users\Killer\AppData\Local\Temp



---------------  S Y S T E M  ---------------

OS:
 Windows 11 , 64 bit Build 26100 (10.0.26100.7705)
OS uptime: 0 days 16:08 hours

CPU: total 6 (initial active 0) 

Memory: 4k page, system-wide physical 7538M (852M free)
TotalPageFile size 11634M (AvailPageFile size 2M)
current process WorkingSet (physical memory assigned to process): 9M, peak: 9M
current process commit charge ("private bytes"): 3M, peak: 3M

vm_info: OpenJDK 64-Bit Server VM (17.0.4.1+1) for windows-amd64 JRE (17.0.4.1+1), built on Aug 17 2022 07:42:43 by "temurin" with MS VC++ 16.7 (VS2019)

END.
